Log file open, 07/21/22 19:04:19
LogWindows: Failed to load 'aqProf.dll' (GetLastError=126)
LogWindows: File 'aqProf.dll' does not exist
LogWindows: Failed to load 'VtuneApi.dll' (GetLastError=126)
LogWindows: File 'VtuneApi.dll' does not exist
LogWindows: Failed to load 'VtuneApi32e.dll' (GetLastError=126)
LogWindows: File 'VtuneApi32e.dll' does not exist
LogConsoleResponse: Display: Failed to find resolution value strings in scalability ini. Falling back to default.
LogConsoleResponse: Display: Failed to find resolution value strings in scalability ini. Falling back to default.
LogInit: Display: Running engine for game: BountyDash
LogPlatformFile: Not using cached read wrapper
LogTaskGraph: Started task graph with 5 named threads and 35 total threads with 3 sets of task threads.
LogStats: Stats thread started at 0.284978
LogICUInternationalization: ICU TimeZone Detection - Raw Offset: -5:00, Platform Override: ''
LogInit: Display: Loading text-based GConfig....
LogPluginManager: Mounting plugin MeshPainting
LogPluginManager: Mounting plugin XGEController
LogPluginManager: Mounting plugin Paper2D
LogPluginManager: Mounting plugin LiveLink
LogPluginManager: Mounting plugin AISupport
LogPluginManager: Mounting plugin EnvironmentQueryEditor
LogPluginManager: Mounting plugin LightPropagationVolume
LogPluginManager: Mounting plugin CameraShakePreviewer
LogPluginManager: Mounting plugin GameplayCameras
LogPluginManager: Mounting plugin OodleData
LogPluginManager: Mounting plugin OodleNetwork
LogPluginManager: Mounting plugin AssetManagerEditor
LogPluginManager: Mounting plugin CryptoKeys
LogPluginManager: Mounting plugin CurveEditorTools
LogPluginManager: Mounting plugin DataValidation
LogPluginManager: Mounting plugin FacialAnimation
LogPluginManager: Mounting plugin GameplayTagsEditor
LogPluginManager: Mounting plugin GeometryMode
LogPluginManager: Mounting plugin MacGraphicsSwitching
LogPluginManager: Mounting plugin MobileLauncherProfileWizard
LogPluginManager: Mounting plugin PluginBrowser
LogPluginManager: Mounting plugin CLionSourceCodeAccess
LogPluginManager: Mounting plugin SpeedTreeImporter
LogPluginManager: Mounting plugin AnimationSharing
LogPluginManager: Mounting plugin CodeLiteSourceCodeAccess
LogPluginManager: Mounting plugin GitSourceControl
LogPluginManager: Mounting plugin NullSourceCodeAccess
LogPluginManager: Mounting plugin PerforceSourceControl
LogPluginManager: Mounting plugin PixWinPlugin
LogPluginManager: Mounting plugin PlasticSourceControl
LogPluginManager: Mounting plugin KDevelopSourceCodeAccess
LogPluginManager: Mounting plugin PluginUtils
LogPluginManager: Mounting plugin PropertyAccessNode
LogPluginManager: Mounting plugin RiderSourceCodeAccess
LogPluginManager: Mounting plugin SubversionSourceControl
LogPluginManager: Mounting plugin TextureFormatOodle
LogPluginManager: Mounting plugin UObjectPlugin
LogPluginManager: Mounting plugin DatasmithContent
LogPluginManager: Mounting plugin VisualStudioCodeSourceCodeAccess
LogPluginManager: Mounting plugin VisualStudioSourceCodeAccess
LogPluginManager: Mounting plugin XCodeSourceCodeAccess
LogPluginManager: Mounting plugin AlembicImporter
LogPluginManager: Mounting plugin AutomationUtils
LogPluginManager: Mounting plugin BackChannel
LogPluginManager: Mounting plugin MaterialAnalyzer
LogPluginManager: Mounting plugin ChaosCloth
LogPluginManager: Mounting plugin ChaosClothEditor
LogPluginManager: Mounting plugin ChaosEditor
LogPluginManager: Mounting plugin ChaosNiagara
LogPluginManager: Mounting plugin ChaosSolverPlugin
LogPluginManager: Mounting plugin CharacterAI
LogPluginManager: Mounting plugin VariantManagerContent
LogPluginManager: Mounting plugin GeometryCache
LogPluginManager: Mounting plugin LuminPlatformFeatures
LogPluginManager: Mounting plugin GeometryCollectionPlugin
LogPluginManager: Mounting plugin MagicLeap
LogPluginManager: Mounting plugin MagicLeapLightEstimation
LogPluginManager: Mounting plugin MagicLeapMedia
LogPluginManager: Mounting plugin MagicLeapPassableWorld
LogPluginManager: Mounting plugin MLSDK
LogPluginManager: Mounting plugin GeometryProcessing
LogPluginManager: Mounting plugin MotoSynth
LogPluginManager: Mounting plugin Niagara
LogPluginManager: Mounting plugin OpenImageDenoise
LogPluginManager: Mounting plugin PlanarCut
LogPluginManager: Mounting plugin PlatformCrypto
LogPluginManager: Mounting plugin PythonScriptPlugin
LogPluginManager: Mounting plugin ProxyLODPlugin
LogPluginManager: Mounting plugin SkeletalReduction
LogPluginManager: Mounting plugin UdpMessaging
LogPluginManager: Mounting plugin AndroidMedia
LogPluginManager: Mounting plugin TcpMessaging
LogPluginManager: Mounting plugin AvfMedia
LogPluginManager: Mounting plugin ImgMedia
LogPluginManager: Mounting plugin MediaCompositing
LogPluginManager: Mounting plugin MediaPlayerEditor
LogPluginManager: Mounting plugin WebMMedia
LogPluginManager: Mounting plugin WmfMedia
LogPluginManager: Mounting plugin ActorSequence
LogPluginManager: Mounting plugin LevelSequenceEditor
LogPluginManager: Mounting plugin MatineeToLevelSequence
LogPluginManager: Mounting plugin OnlineSubsystem
LogPluginManager: Mounting plugin TemplateSequence
LogPluginManager: Mounting plugin OnlineSubsystemNull
LogPluginManager: Mounting plugin OnlineSubsystemUtils
LogPluginManager: Mounting plugin ActorLayerUtilities
LogPluginManager: Mounting plugin AndroidDeviceProfileSelector
LogPluginManager: Mounting plugin AndroidMoviePlayer
LogPluginManager: Mounting plugin AndroidPermission
LogPluginManager: Mounting plugin AppleImageUtils
LogPluginManager: Mounting plugin AppleMoviePlayer
LogPluginManager: Mounting plugin ArchVisCharacter
LogPluginManager: Mounting plugin AudioCapture
LogPluginManager: Mounting plugin AssetTags
LogPluginManager: Mounting plugin CableComponent
LogPluginManager: Mounting plugin AudioSynesthesia
LogPluginManager: Mounting plugin ChunkDownloader
LogPluginManager: Mounting plugin CustomMeshComponent
LogPluginManager: Mounting plugin EditableMesh
LogPluginManager: Mounting plugin ExampleDeviceProfileSelector
LogPluginManager: Mounting plugin GoogleCloudMessaging
LogPluginManager: Mounting plugin GooglePAD
LogPluginManager: Mounting plugin LauncherChunkInstaller
LogPluginManager: Mounting plugin LinuxDeviceProfileSelector
LogPluginManager: Mounting plugin IOSDeviceProfileSelector
LogPluginManager: Mounting plugin LocationServicesBPLibrary
LogPluginManager: Mounting plugin MobilePatchingUtils
LogPluginManager: Mounting plugin OpenXR
LogPluginManager: Mounting plugin OpenXREyeTracker
LogPluginManager: Mounting plugin OpenXRHandTracking
LogPluginManager: Mounting plugin PhysXVehicles
LogPluginManager: Mounting plugin ScreenshotTools
LogPluginManager: Mounting plugin PostSplashScreen
LogPluginManager: Mounting plugin ProceduralMeshComponent
LogPluginManager: Mounting plugin PropertyAccessEditor
LogPluginManager: Mounting plugin RuntimePhysXCooking
LogPluginManager: Mounting plugin SignificanceManager
LogPluginManager: Mounting plugin SoundFields
LogPluginManager: Mounting plugin Synthesis
LogPluginManager: Mounting plugin WebMMoviePlayer
LogPluginManager: Mounting plugin Takes
LogPluginManager: Mounting plugin WindowsMoviePlayer
LogPluginManager: Mounting plugin ContentBrowserAssetDataSource
LogPluginManager: Mounting plugin ContentBrowserClassDataSource
LogPluginManager: Mounting plugin ContentBrowserFileDataSource
LogPluginManager: Mounting plugin OnlineSubsystemGooglePlay
LogPluginManager: Mounting plugin OnlineSubsystemIOS
LogPluginManager: Mounting plugin OculusVR
LogPluginManager: Mounting plugin SteamVR
PixWinPlugin: PIX capture plugin failed to initialize! Check that the process is launched from PIX.
LogLuminAPIImpl: Warning: MLSDK not found.  This likely means the MLSDK environment variable is not set.
LogInit: Using libcurl 7.55.1-DEV
LogInit:  - built for x86_64-pc-win32
LogInit:  - supports SSL with OpenSSL/1.1.1
LogInit:  - supports HTTP deflate (compression) using libz 1.2.8
LogInit:  - other features:
LogInit:      CURL_VERSION_SSL
LogInit:      CURL_VERSION_LIBZ
LogInit:      CURL_VERSION_IPV6
LogInit:      CURL_VERSION_ASYNCHDNS
LogInit:      CURL_VERSION_LARGEFILE
LogInit:      CURL_VERSION_IDN
LogInit:  CurlRequestOptions (configurable via config and command line):
LogInit:  - bVerifyPeer = true  - Libcurl will verify peer certificate
LogInit:  - bUseHttpProxy = false  - Libcurl will NOT use HTTP proxy
LogInit:  - bDontReuseConnections = false  - Libcurl will reuse connections
LogInit:  - MaxHostConnections = 16  - Libcurl will limit the number of connections to a host
LogInit:  - LocalHostAddr = Default
LogInit:  - BufferSize = 65536
LogOnline: OSS: Creating online subsystem instance for: NULL
LogInit: WinSock: version 1.1 (2.2), MaxSocks=32767, MaxUdp=65467
LogOnline: OSS: TryLoadSubsystemAndSetDefault: Loaded subsystem for module [NULL]
LogOculusPluginWrapper: OculusPlugin initialized successfully
LogHMD: Failed initializing OVRPlugin 1.59.0
LogInit: Build: ++UE4+Release-4.27-CL-18319896
LogInit: Engine Version: 4.27.2-18319896+++UE4+Release-4.27
LogInit: Compatible Engine Version: 4.27.0-17155196+++UE4+Release-4.27
LogInit: Net CL: 17155196
LogInit: OS: Windows 10 (Release 2009) (), CPU: Intel(R) Core(TM) i7-8750H CPU @ 2.20GHz, GPU: Intel(R) UHD Graphics 630
LogInit: Compiled (64-bit): Nov 30 2021 07:12:08
LogInit: Compiled with Visual C++: 19.24.28315.00
LogInit: Build Configuration: Development
LogInit: Branch Name: ++UE4+Release-4.27
LogInit: Command Line:  -EpicPortal -epicusername=rapidSL0TH -epicuserid=21f07d7e28464b44aa16949098b70d2d -epiclocale=en -epicsandboxid=ue
LogInit: Base Directory: C:/Program Files/Epic Games/UE_4.27/Engine/Binaries/Win64/
LogInit: Allocator: TBB
LogInit: Installed Engine Build: 1
LogDevObjectVersion: Number of dev versions registered: 29
LogDevObjectVersion:   Dev-Blueprints (B0D832E4-1F89-4F0D-ACCF-7EB736FD4AA2): 10
LogDevObjectVersion:   Dev-Build (E1C64328-A22C-4D53-A36C-8E866417BD8C): 0
LogDevObjectVersion:   Dev-Core (375EC13C-06E4-48FB-B500-84F0262A717E): 4
LogDevObjectVersion:   Dev-Editor (E4B068ED-F494-42E9-A231-DA0B2E46BB41): 40
LogDevObjectVersion:   Dev-Framework (CFFC743F-43B0-4480-9391-14DF171D2073): 37
LogDevObjectVersion:   Dev-Mobile (B02B49B5-BB20-44E9-A304-32B752E40360): 3
LogDevObjectVersion:   Dev-Networking (A4E4105C-59A1-49B5-A7C5-40C4547EDFEE): 0
LogDevObjectVersion:   Dev-Online (39C831C9-5AE6-47DC-9A44-9C173E1C8E7C): 0
LogDevObjectVersion:   Dev-Physics (78F01B33-EBEA-4F98-B9B4-84EACCB95AA2): 14
LogDevObjectVersion:   Dev-Platform (6631380F-2D4D-43E0-8009-CF276956A95A): 0
LogDevObjectVersion:   Dev-Rendering (12F88B9F-8875-4AFC-A67C-D90C383ABD29): 45
LogDevObjectVersion:   Dev-Sequencer (7B5AE74C-D270-4C10-A958-57980B212A5A): 13
LogDevObjectVersion:   Dev-VR (D7296918-1DD6-4BDD-9DE2-64A83CC13884): 3
LogDevObjectVersion:   Dev-LoadTimes (C2A15278-BFE7-4AFE-6C17-90FF531DF755): 1
LogDevObjectVersion:   Private-Geometry (6EACA3D4-40EC-4CC1-B786-8BED09428FC5): 3
LogDevObjectVersion:   Dev-AnimPhys (29E575DD-E0A3-4627-9D10-D276232CDCEA): 17
LogDevObjectVersion:   Dev-Anim (AF43A65D-7FD3-4947-9873-3E8ED9C1BB05): 15
LogDevObjectVersion:   Dev-ReflectionCapture (6B266CEC-1EC7-4B8F-A30B-E4D90942FC07): 1
LogDevObjectVersion:   Dev-Automation (0DF73D61-A23F-47EA-B727-89E90C41499A): 1
LogDevObjectVersion:   FortniteMain (601D1886-AC64-4F84-AA16-D3DE0DEAC7D6): 47
LogDevObjectVersion:   FortniteRelease (E7086368-6B23-4C58-8439-1B7016265E91): 1
LogDevObjectVersion:   Dev-Enterprise (9DFFBCD6-494F-0158-E221-12823C92A888): 10
LogDevObjectVersion:   Dev-Niagara (F2AED0AC-9AFE-416F-8664-AA7FFA26D6FC): 1
LogDevObjectVersion:   Dev-Destruction (174F1F0B-B4C6-45A5-B13F-2EE8D0FB917D): 10
LogDevObjectVersion:   Dev-Physics-Ext (35F94A83-E258-406C-A318-09F59610247C): 41
LogDevObjectVersion:   Dev-PhysicsMaterial-Chaos (B68FC16E-8B1B-42E2-B453-215C058844FE): 1
LogDevObjectVersion:   Dev-CineCamera (B2E18506-4273-CFC2-A54E-F4BB758BBA07): 1
LogDevObjectVersion:   Dev-VirtualProduction (64F58936-FD1B-42BA-BA96-7289D5D0FA4E): 1
LogDevObjectVersion:   Dev-MediaFramework (6F0ED827-A609-4895-9C91-998D90180EA4): 2
LogInit: Presizing for max 25165824 objects, including 0 objects not considered by GC, pre-allocating 0 bytes for permanent pool.
LogConfig: Applying CVar settings from Section [/Script/Engine.StreamingSettings] File [D:/Unreal/Bounty Dash/BountyDash/Saved/Config/Windows/Engine.ini]
LogConfig: Setting CVar [[s.MinBulkDataSizeForAsyncLoading:131072]]
LogConfig: Setting CVar [[s.AsyncLoadingThreadEnabled:0]]
LogConfig: Setting CVar [[s.EventDrivenLoaderEnabled:1]]
LogConfig: Setting CVar [[s.WarnIfTimeLimitExceeded:0]]
LogConfig: Setting CVar [[s.TimeLimitExceededMultiplier:1.5]]
LogConfig: Setting CVar [[s.TimeLimitExceededMinTime:0.005]]
LogConfig: Setting CVar [[s.UseBackgroundLevelStreaming:1]]
LogConfig: Setting CVar [[s.PriorityAsyncLoadingExtraTime:15.0]]
LogConfig: Setting CVar [[s.LevelStreamingActorsUpdateTimeLimit:5.0]]
LogConfig: Setting CVar [[s.PriorityLevelStreamingActorsUpdateExtraTime:5.0]]
LogConfig: Setting CVar [[s.LevelStreamingComponentsRegistrationGranularity:10]]
LogConfig: Setting CVar [[s.UnregisterComponentsTimeLimit:1.0]]
LogConfig: Setting CVar [[s.LevelStreamingComponentsUnregistrationGranularity:5]]
LogConfig: Setting CVar [[s.FlushStreamingOnExit:1]]
LogInit: Object subsystem initialized
LogConfig: Setting CVar [[con.DebugEarlyDefault:1]]
LogConfig: Setting CVar [[r.setres:1280x720]]
[2022.07.21-23.04.20:548][  0]LogConfig: Setting CVar [[r.VSync:0]]
[2022.07.21-23.04.20:548][  0]LogConfig: Setting CVar [[r.RHICmdBypass:0]]
[2022.07.21-23.04.20:548][  0]LogConfig: Applying CVar settings from Section [/Script/Engine.RendererSettings] File [D:/Unreal/Bounty Dash/BountyDash/Saved/Config/Windows/Engine.ini]
[2022.07.21-23.04.20:548][  0]LogConfig: Setting CVar [[r.GPUCrashDebugging:0]]
[2022.07.21-23.04.20:548][  0]LogConfig: Applying CVar settings from Section [/Script/Engine.RendererOverrideSettings] File [D:/Unreal/Bounty Dash/BountyDash/Saved/Config/Windows/Engine.ini]
[2022.07.21-23.04.20:548][  0]LogConfig: Applying CVar settings from Section [/Script/Engine.StreamingSettings] File [D:/Unreal/Bounty Dash/BountyDash/Saved/Config/Windows/Engine.ini]
[2022.07.21-23.04.20:548][  0]LogConfig: Setting CVar [[s.MinBulkDataSizeForAsyncLoading:131072]]
[2022.07.21-23.04.20:548][  0]LogConfig: Setting CVar [[s.AsyncLoadingThreadEnabled:0]]
[2022.07.21-23.04.20:549][  0]LogConfig: Setting CVar [[s.EventDrivenLoaderEnabled:1]]
[2022.07.21-23.04.20:549][  0]LogConfig: Setting CVar [[s.WarnIfTimeLimitExceeded:0]]
[2022.07.21-23.04.20:549][  0]LogConfig: Setting CVar [[s.TimeLimitExceededMultiplier:1.5]]
[2022.07.21-23.04.20:549][  0]LogConfig: Setting CVar [[s.TimeLimitExceededMinTime:0.005]]
[2022.07.21-23.04.20:549][  0]LogConfig: Setting CVar [[s.UseBackgroundLevelStreaming:1]]
[2022.07.21-23.04.20:549][  0]LogConfig: Setting CVar [[s.PriorityAsyncLoadingExtraTime:15.0]]
[2022.07.21-23.04.20:549][  0]LogConfig: Setting CVar [[s.LevelStreamingActorsUpdateTimeLimit:5.0]]
[2022.07.21-23.04.20:549][  0]LogConfig: Setting CVar [[s.PriorityLevelStreamingActorsUpdateExtraTime:5.0]]
[2022.07.21-23.04.20:549][  0]LogConfig: Setting CVar [[s.LevelStreamingComponentsRegistrationGranularity:10]]
[2022.07.21-23.04.20:549][  0]LogConfig: Setting CVar [[s.UnregisterComponentsTimeLimit:1.0]]
[2022.07.21-23.04.20:549][  0]LogConfig: Setting CVar [[s.LevelStreamingComponentsUnregistrationGranularity:5]]
[2022.07.21-23.04.20:549][  0]LogConfig: Setting CVar [[s.FlushStreamingOnExit:1]]
[2022.07.21-23.04.20:549][  0]LogConfig: Applying CVar settings from Section [/Script/Engine.GarbageCollectionSettings] File [D:/Unreal/Bounty Dash/BountyDash/Saved/Config/Windows/Engine.ini]
[2022.07.21-23.04.20:549][  0]LogConfig: Setting CVar [[gc.MaxObjectsNotConsideredByGC:1]]
[2022.07.21-23.04.20:549][  0]LogConfig: Setting CVar [[gc.SizeOfPermanentObjectPool:0]]
[2022.07.21-23.04.20:549][  0]LogConfig: Setting CVar [[gc.FlushStreamingOnGC:0]]
[2022.07.21-23.04.20:549][  0]LogConfig: Setting CVar [[gc.NumRetriesBeforeForcingGC:10]]
[2022.07.21-23.04.20:549][  0]LogConfig: Setting CVar [[gc.AllowParallelGC:1]]
[2022.07.21-23.04.20:549][  0]LogConfig: Setting CVar [[gc.TimeBetweenPurgingPendingKillObjects:61.1]]
[2022.07.21-23.04.20:549][  0]LogConfig: Setting CVar [[gc.MaxObjectsInEditor:25165824]]
[2022.07.21-23.04.20:549][  0]LogConfig: Setting CVar [[gc.IncrementalBeginDestroyEnabled:1]]
[2022.07.21-23.04.20:549][  0]LogConfig: Setting CVar [[gc.CreateGCClusters:1]]
[2022.07.21-23.04.20:549][  0]LogConfig: Setting CVar [[gc.MinGCClusterSize:5]]
[2022.07.21-23.04.20:549][  0]LogConfig: Setting CVar [[gc.ActorClusteringEnabled:0]]
[2022.07.21-23.04.20:549][  0]LogConfig: Setting CVar [[gc.BlueprintClusteringEnabled:0]]
[2022.07.21-23.04.20:549][  0]LogConfig: Setting CVar [[gc.UseDisregardForGCOnDedicatedServers:0]]
[2022.07.21-23.04.20:549][  0]LogConfig: Setting CVar [[gc.MultithreadedDestructionEnabled:1]]
[2022.07.21-23.04.20:549][  0]LogConfig: Applying CVar settings from Section [/Script/Engine.NetworkSettings] File [D:/Unreal/Bounty Dash/BountyDash/Saved/Config/Windows/Engine.ini]
[2022.07.21-23.04.20:549][  0]LogConfig: Applying CVar settings from Section [/Script/UnrealEd.CookerSettings] File [D:/Unreal/Bounty Dash/BountyDash/Saved/Config/Windows/Engine.ini]
[2022.07.21-23.04.20:565][  0]LogConfig: Applying CVar settings from Section [ViewDistanceQuality@3] File [D:/Unreal/Bounty Dash/BountyDash/Saved/Config/Windows/Scalability.ini]
[2022.07.21-23.04.20:565][  0]LogConfig: Setting CVar [[r.SkeletalMeshLODBias:0]]
[2022.07.21-23.04.20:565][  0]LogConfig: Setting CVar [[r.ViewDistanceScale:1.0]]
[2022.07.21-23.04.20:565][  0]LogConfig: Applying CVar settings from Section [AntiAliasingQuality@3] File [D:/Unreal/Bounty Dash/BountyDash/Saved/Config/Windows/Scalability.ini]
[2022.07.21-23.04.20:565][  0]LogConfig: Setting CVar [[r.PostProcessAAQuality:4]]
[2022.07.21-23.04.20:565][  0]LogConfig: Applying CVar settings from Section [ShadowQuality@3] File [D:/Unreal/Bounty Dash/BountyDash/Saved/Config/Windows/Scalability.ini]
[2022.07.21-23.04.20:565][  0]LogConfig: Setting CVar [[r.LightFunctionQuality:1]]
[2022.07.21-23.04.20:565][  0]LogConfig: Setting CVar [[r.ShadowQuality:5]]
[2022.07.21-23.04.20:565][  0]LogConfig: Setting CVar [[r.Shadow.CSM.MaxCascades:10]]
[2022.07.21-23.04.20:565][  0]LogConfig: Setting CVar [[r.Shadow.MaxResolution:2048]]
[2022.07.21-23.04.20:565][  0]LogConfig: Setting CVar [[r.Shadow.MaxCSMResolution:2048]]
[2022.07.21-23.04.20:565][  0]LogConfig: Setting CVar [[r.Shadow.RadiusThreshold:0.01]]
[2022.07.21-23.04.20:565][  0]LogConfig: Setting CVar [[r.Shadow.DistanceScale:1.0]]
[2022.07.21-23.04.20:565][  0]LogConfig: Setting CVar [[r.Shadow.CSM.TransitionScale:1.0]]
[2022.07.21-23.04.20:565][  0]LogConfig: Setting CVar [[r.Shadow.PreShadowResolutionFactor:1.0]]
[2022.07.21-23.04.20:565][  0]LogConfig: Setting CVar [[r.DistanceFieldShadowing:1]]
[2022.07.21-23.04.20:565][  0]LogConfig: Setting CVar [[r.DistanceFieldAO:1]]
[2022.07.21-23.04.20:565][  0]LogConfig: Setting CVar [[r.AOQuality:2]]
[2022.07.21-23.04.20:565][  0]LogConfig: Setting CVar [[r.VolumetricFog:1]]
[2022.07.21-23.04.20:565][  0]LogConfig: Setting CVar [[r.VolumetricFog.GridPixelSize:8]]
[2022.07.21-23.04.20:565][  0]LogConfig: Setting CVar [[r.VolumetricFog.GridSizeZ:128]]
[2022.07.21-23.04.20:565][  0]LogConfig: Setting CVar [[r.VolumetricFog.HistoryMissSupersampleCount:4]]
[2022.07.21-23.04.20:566][  0]LogConfig: Setting CVar [[r.LightMaxDrawDistanceScale:1]]
[2022.07.21-23.04.20:566][  0]LogConfig: Setting CVar [[r.CapsuleShadows:1]]
[2022.07.21-23.04.20:566][  0]LogConfig: Applying CVar settings from Section [PostProcessQuality@3] File [D:/Unreal/Bounty Dash/BountyDash/Saved/Config/Windows/Scalability.ini]
[2022.07.21-23.04.20:566][  0]LogConfig: Setting CVar [[r.MotionBlurQuality:4]]
[2022.07.21-23.04.20:566][  0]LogConfig: Setting CVar [[r.AmbientOcclusionMipLevelFactor:0.4]]
[2022.07.21-23.04.20:566][  0]LogConfig: Setting CVar [[r.AmbientOcclusionMaxQuality:100]]
[2022.07.21-23.04.20:566][  0]LogConfig: Setting CVar [[r.AmbientOcclusionLevels:-1]]
[2022.07.21-23.04.20:566][  0]LogConfig: Setting CVar [[r.AmbientOcclusionRadiusScale:1.0]]
[2022.07.21-23.04.20:566][  0]LogConfig: Setting CVar [[r.DepthOfFieldQuality:2]]
[2022.07.21-23.04.20:566][  0]LogConfig: Setting CVar [[r.RenderTargetPoolMin:400]]
[2022.07.21-23.04.20:566][  0]LogConfig: Setting CVar [[r.LensFlareQuality:2]]
[2022.07.21-23.04.20:566][  0]LogConfig: Setting CVar [[r.SceneColorFringeQuality:1]]
[2022.07.21-23.04.20:566][  0]LogConfig: Setting CVar [[r.EyeAdaptationQuality:2]]
[2022.07.21-23.04.20:566][  0]LogConfig: Setting CVar [[r.BloomQuality:5]]
[2022.07.21-23.04.20:566][  0]LogConfig: Setting CVar [[r.FastBlurThreshold:100]]
[2022.07.21-23.04.20:566][  0]LogConfig: Setting CVar [[r.Upscale.Quality:3]]
[2022.07.21-23.04.20:566][  0]LogConfig: Setting CVar [[r.Tonemapper.GrainQuantization:1]]
[2022.07.21-23.04.20:566][  0]LogConfig: Setting CVar [[r.LightShaftQuality:1]]
[2022.07.21-23.04.20:566][  0]LogConfig: Setting CVar [[r.Filter.SizeScale:1]]
[2022.07.21-23.04.20:566][  0]LogConfig: Setting CVar [[r.Tonemapper.Quality:5]]
[2022.07.21-23.04.20:566][  0]LogConfig: Setting CVar [[r.DOF.Gather.AccumulatorQuality:1        ; higher gathering accumulator quality]]
[2022.07.21-23.04.20:566][  0]LogConfig: Setting CVar [[r.DOF.Gather.PostfilterMethod:1          ; Median3x3 postfilering method]]
[2022.07.21-23.04.20:566][  0]LogConfig: Setting CVar [[r.DOF.Gather.EnableBokehSettings:0       ; no bokeh simulation when gathering]]
[2022.07.21-23.04.20:566][  0]LogConfig: Setting CVar [[r.DOF.Gather.RingCount:4                 ; medium number of samples when gathering]]
[2022.07.21-23.04.20:566][  0]LogConfig: Setting CVar [[r.DOF.Scatter.ForegroundCompositing:1    ; additive foreground scattering]]
[2022.07.21-23.04.20:566][  0]LogConfig: Setting CVar [[r.DOF.Scatter.BackgroundCompositing:2    ; additive background scattering]]
[2022.07.21-23.04.20:566][  0]LogConfig: Setting CVar [[r.DOF.Scatter.EnableBokehSettings:1      ; bokeh simulation when scattering]]
[2022.07.21-23.04.20:566][  0]LogConfig: Setting CVar [[r.DOF.Scatter.MaxSpriteRatio:0.1         ; only a maximum of 10% of scattered bokeh]]
[2022.07.21-23.04.20:566][  0]LogConfig: Setting CVar [[r.DOF.Recombine.Quality:1                ; cheap slight out of focus]]
[2022.07.21-23.04.20:566][  0]LogConfig: Setting CVar [[r.DOF.Recombine.EnableBokehSettings:0    ; no bokeh simulation on slight out of focus]]
[2022.07.21-23.04.20:566][  0]LogConfig: Setting CVar [[r.DOF.TemporalAAQuality:1                ; more stable temporal accumulation]]
[2022.07.21-23.04.20:566][  0]LogConfig: Setting CVar [[r.DOF.Kernel.MaxForegroundRadius:0.025]]
[2022.07.21-23.04.20:566][  0]LogConfig: Setting CVar [[r.DOF.Kernel.MaxBackgroundRadius:0.025]]
[2022.07.21-23.04.20:566][  0]LogConfig: Applying CVar settings from Section [TextureQuality@3] File [D:/Unreal/Bounty Dash/BountyDash/Saved/Config/Windows/Scalability.ini]
[2022.07.21-23.04.20:566][  0]LogConfig: Setting CVar [[r.Streaming.MipBias:0]]
[2022.07.21-23.04.20:566][  0]LogConfig: Setting CVar [[r.Streaming.AmortizeCPUToGPUCopy:0]]
[2022.07.21-23.04.20:566][  0]LogConfig: Setting CVar [[r.Streaming.MaxNumTexturesToStreamPerFrame:0]]
[2022.07.21-23.04.20:566][  0]LogConfig: Setting CVar [[r.Streaming.Boost:1]]
[2022.07.21-23.04.20:566][  0]LogConfig: Setting CVar [[r.MaxAnisotropy:8]]
[2022.07.21-23.04.20:566][  0]LogConfig: Setting CVar [[r.VT.MaxAnisotropy:8]]
[2022.07.21-23.04.20:566][  0]LogConfig: Setting CVar [[r.Streaming.LimitPoolSizeToVRAM:0]]
[2022.07.21-23.04.20:566][  0]LogConfig: Setting CVar [[r.Streaming.PoolSize:1000]]
[2022.07.21-23.04.20:566][  0]LogConfig: Setting CVar [[r.Streaming.MaxEffectiveScreenSize:0]]
[2022.07.21-23.04.20:566][  0]LogConfig: Applying CVar settings from Section [EffectsQuality@3] File [D:/Unreal/Bounty Dash/BountyDash/Saved/Config/Windows/Scalability.ini]
[2022.07.21-23.04.20:566][  0]LogConfig: Setting CVar [[r.TranslucencyLightingVolumeDim:64]]
[2022.07.21-23.04.20:566][  0]LogConfig: Setting CVar [[r.RefractionQuality:2]]
[2022.07.21-23.04.20:566][  0]LogConfig: Setting CVar [[r.SSR.Quality:3]]
[2022.07.21-23.04.20:566][  0]LogConfig: Setting CVar [[r.SSR.HalfResSceneColor:0]]
[2022.07.21-23.04.20:566][  0]LogConfig: Setting CVar [[r.SceneColorFormat:4]]
[2022.07.21-23.04.20:566][  0]LogConfig: Setting CVar [[r.DetailMode:2]]
[2022.07.21-23.04.20:566][  0]LogConfig: Setting CVar [[r.TranslucencyVolumeBlur:1]]
[2022.07.21-23.04.20:566][  0]LogConfig: Setting CVar [[r.MaterialQualityLevel:1 ; High quality]]
[2022.07.21-23.04.20:566][  0]LogConfig: Setting CVar [[r.AnisotropicMaterials:1]]
[2022.07.21-23.04.20:566][  0]LogConfig: Setting CVar [[r.SSS.Scale:1]]
[2022.07.21-23.04.20:566][  0]LogConfig: Setting CVar [[r.SSS.SampleSet:2]]
[2022.07.21-23.04.20:566][  0]LogConfig: Setting CVar [[r.SSS.Quality:1]]
[2022.07.21-23.04.20:566][  0]LogConfig: Setting CVar [[r.SSS.HalfRes:0]]
[2022.07.21-23.04.20:566][  0]LogConfig: Setting CVar [[r.SSGI.Quality:3]]
[2022.07.21-23.04.20:566][  0]LogConfig: Setting CVar [[r.EmitterSpawnRateScale:1.0]]
[2022.07.21-23.04.20:566][  0]LogConfig: Setting CVar [[r.ParticleLightQuality:2]]
[2022.07.21-23.04.20:566][  0]LogConfig: Setting CVar [[r.SkyAtmosphere.AerialPerspectiveLUT.FastApplyOnOpaque:1 ; Always have FastSkyLUT 1 in this case to avoid wrong sky]]
[2022.07.21-23.04.20:566][  0]LogConfig: Setting CVar [[r.SkyAtmosphere.AerialPerspectiveLUT.SampleCountMaxPerSlice:4]]
[2022.07.21-23.04.20:566][  0]LogConfig: Setting CVar [[r.SkyAtmosphere.AerialPerspectiveLUT.DepthResolution:16.0]]
[2022.07.21-23.04.20:566][  0]LogConfig: Setting CVar [[r.SkyAtmosphere.FastSkyLUT:1]]
[2022.07.21-23.04.20:566][  0]LogConfig: Setting CVar [[r.SkyAtmosphere.FastSkyLUT.SampleCountMin:4.0]]
[2022.07.21-23.04.20:566][  0]LogConfig: Setting CVar [[r.SkyAtmosphere.FastSkyLUT.SampleCountMax:128.0]]
[2022.07.21-23.04.20:566][  0]LogConfig: Setting CVar [[r.SkyAtmosphere.SampleCountMin:4.0]]
[2022.07.21-23.04.20:566][  0]LogConfig: Setting CVar [[r.SkyAtmosphere.SampleCountMax:128.0]]
[2022.07.21-23.04.20:566][  0]LogConfig: Setting CVar [[r.SkyAtmosphere.TransmittanceLUT.UseSmallFormat:0]]
[2022.07.21-23.04.20:566][  0]LogConfig: Setting CVar [[r.SkyAtmosphere.TransmittanceLUT.SampleCount:10.0]]
[2022.07.21-23.04.20:566][  0]LogConfig: Setting CVar [[r.SkyAtmosphere.MultiScatteringLUT.SampleCount:15.0]]
[2022.07.21-23.04.20:566][  0]LogConfig: Setting CVar [[r.SkyLight.RealTimeReflectionCapture:1]]
[2022.07.21-23.04.20:566][  0]LogConfig: Applying CVar settings from Section [FoliageQuality@3] File [D:/Unreal/Bounty Dash/BountyDash/Saved/Config/Windows/Scalability.ini]
[2022.07.21-23.04.20:566][  0]LogConfig: Setting CVar [[foliage.DensityScale:1.0]]
[2022.07.21-23.04.20:566][  0]LogConfig: Setting CVar [[grass.DensityScale:1.0]]
[2022.07.21-23.04.20:566][  0]LogConfig: Applying CVar settings from Section [ShadingQuality@3] File [D:/Unreal/Bounty Dash/BountyDash/Saved/Config/Windows/Scalability.ini]
[2022.07.21-23.04.20:566][  0]LogConfig: Setting CVar [[r.HairStrands.SkyLighting.IntegrationType:2]]
[2022.07.21-23.04.20:566][  0]LogConfig: Setting CVar [[r.HairStrands.SkyAO.SampleCount:4]]
[2022.07.21-23.04.20:566][  0]LogConfig: Setting CVar [[r.HairStrands.Visibility.MSAA.SamplePerPixel:4]]
[2022.07.21-23.04.20:566][  0]LogInit: Selected Device Profile: [Windows]
[2022.07.21-23.04.20:566][  0]LogInit: Applying CVar settings loaded from the selected device profile: [Windows]
[2022.07.21-23.04.20:567][  0]LogHAL: Display: Platform has ~ 16 GB [17023397888 / 17179869184 / 16], which maps to Larger [LargestMinGB=32, LargerMinGB=12, DefaultMinGB=8, SmallerMinGB=6, SmallestMinGB=0)
[2022.07.21-23.04.20:567][  0]LogInit: Going up to parent DeviceProfile []
[2022.07.21-23.04.20:567][  0]LogConfig: Applying CVar settings from Section [ViewDistanceQuality@3] File [D:/Unreal/Bounty Dash/BountyDash/Saved/Config/Windows/Scalability.ini]
[2022.07.21-23.04.20:567][  0]LogConfig: Setting CVar [[r.SkeletalMeshLODBias:0]]
[2022.07.21-23.04.20:567][  0]LogConfig: Setting CVar [[r.ViewDistanceScale:1.0]]
[2022.07.21-23.04.20:567][  0]LogConfig: Applying CVar settings from Section [AntiAliasingQuality@3] File [D:/Unreal/Bounty Dash/BountyDash/Saved/Config/Windows/Scalability.ini]
[2022.07.21-23.04.20:567][  0]LogConfig: Setting CVar [[r.PostProcessAAQuality:4]]
[2022.07.21-23.04.20:567][  0]LogConfig: Applying CVar settings from Section [ShadowQuality@3] File [D:/Unreal/Bounty Dash/BountyDash/Saved/Config/Windows/Scalability.ini]
[2022.07.21-23.04.20:567][  0]LogConfig: Setting CVar [[r.LightFunctionQuality:1]]
[2022.07.21-23.04.20:567][  0]LogConfig: Setting CVar [[r.ShadowQuality:5]]
[2022.07.21-23.04.20:567][  0]LogConfig: Setting CVar [[r.Shadow.CSM.MaxCascades:10]]
[2022.07.21-23.04.20:567][  0]LogConfig: Setting CVar [[r.Shadow.MaxResolution:2048]]
[2022.07.21-23.04.20:567][  0]LogConfig: Setting CVar [[r.Shadow.MaxCSMResolution:2048]]
[2022.07.21-23.04.20:567][  0]LogConfig: Setting CVar [[r.Shadow.RadiusThreshold:0.01]]
[2022.07.21-23.04.20:567][  0]LogConfig: Setting CVar [[r.Shadow.DistanceScale:1.0]]
[2022.07.21-23.04.20:567][  0]LogConfig: Setting CVar [[r.Shadow.CSM.TransitionScale:1.0]]
[2022.07.21-23.04.20:567][  0]LogConfig: Setting CVar [[r.Shadow.PreShadowResolutionFactor:1.0]]
[2022.07.21-23.04.20:567][  0]LogConfig: Setting CVar [[r.DistanceFieldShadowing:1]]
[2022.07.21-23.04.20:567][  0]LogConfig: Setting CVar [[r.DistanceFieldAO:1]]
[2022.07.21-23.04.20:567][  0]LogConfig: Setting CVar [[r.AOQuality:2]]
[2022.07.21-23.04.20:567][  0]LogConfig: Setting CVar [[r.VolumetricFog:1]]
[2022.07.21-23.04.20:567][  0]LogConfig: Setting CVar [[r.VolumetricFog.GridPixelSize:8]]
[2022.07.21-23.04.20:567][  0]LogConfig: Setting CVar [[r.VolumetricFog.GridSizeZ:128]]
[2022.07.21-23.04.20:567][  0]LogConfig: Setting CVar [[r.VolumetricFog.HistoryMissSupersampleCount:4]]
[2022.07.21-23.04.20:567][  0]LogConfig: Setting CVar [[r.LightMaxDrawDistanceScale:1]]
[2022.07.21-23.04.20:567][  0]LogConfig: Setting CVar [[r.CapsuleShadows:1]]
[2022.07.21-23.04.20:567][  0]LogConfig: Applying CVar settings from Section [PostProcessQuality@3] File [D:/Unreal/Bounty Dash/BountyDash/Saved/Config/Windows/Scalability.ini]
[2022.07.21-23.04.20:567][  0]LogConfig: Setting CVar [[r.MotionBlurQuality:4]]
[2022.07.21-23.04.20:567][  0]LogConfig: Setting CVar [[r.AmbientOcclusionMipLevelFactor:0.4]]
[2022.07.21-23.04.20:567][  0]LogConfig: Setting CVar [[r.AmbientOcclusionMaxQuality:100]]
[2022.07.21-23.04.20:567][  0]LogConfig: Setting CVar [[r.AmbientOcclusionLevels:-1]]
[2022.07.21-23.04.20:567][  0]LogConfig: Setting CVar [[r.AmbientOcclusionRadiusScale:1.0]]
[2022.07.21-23.04.20:567][  0]LogConfig: Setting CVar [[r.DepthOfFieldQuality:2]]
[2022.07.21-23.04.20:567][  0]LogConfig: Setting CVar [[r.RenderTargetPoolMin:400]]
[2022.07.21-23.04.20:567][  0]LogConfig: Setting CVar [[r.LensFlareQuality:2]]
[2022.07.21-23.04.20:567][  0]LogConfig: Setting CVar [[r.SceneColorFringeQuality:1]]
[2022.07.21-23.04.20:567][  0]LogConfig: Setting CVar [[r.EyeAdaptationQuality:2]]
[2022.07.21-23.04.20:567][  0]LogConfig: Setting CVar [[r.BloomQuality:5]]
[2022.07.21-23.04.20:567][  0]LogConfig: Setting CVar [[r.FastBlurThreshold:100]]
[2022.07.21-23.04.20:567][  0]LogConfig: Setting CVar [[r.Upscale.Quality:3]]
[2022.07.21-23.04.20:567][  0]LogConfig: Setting CVar [[r.Tonemapper.GrainQuantization:1]]
[2022.07.21-23.04.20:567][  0]LogConfig: Setting CVar [[r.LightShaftQuality:1]]
[2022.07.21-23.04.20:567][  0]LogConfig: Setting CVar [[r.Filter.SizeScale:1]]
[2022.07.21-23.04.20:567][  0]LogConfig: Setting CVar [[r.Tonemapper.Quality:5]]
[2022.07.21-23.04.20:567][  0]LogConfig: Setting CVar [[r.DOF.Gather.AccumulatorQuality:1        ; higher gathering accumulator quality]]
[2022.07.21-23.04.20:567][  0]LogConfig: Setting CVar [[r.DOF.Gather.PostfilterMethod:1          ; Median3x3 postfilering method]]
[2022.07.21-23.04.20:567][  0]LogConfig: Setting CVar [[r.DOF.Gather.EnableBokehSettings:0       ; no bokeh simulation when gathering]]
[2022.07.21-23.04.20:567][  0]LogConfig: Setting CVar [[r.DOF.Gather.RingCount:4                 ; medium number of samples when gathering]]
[2022.07.21-23.04.20:567][  0]LogConfig: Setting CVar [[r.DOF.Scatter.ForegroundCompositing:1    ; additive foreground scattering]]
[2022.07.21-23.04.20:567][  0]LogConfig: Setting CVar [[r.DOF.Scatter.BackgroundCompositing:2    ; additive background scattering]]
[2022.07.21-23.04.20:567][  0]LogConfig: Setting CVar [[r.DOF.Scatter.EnableBokehSettings:1      ; bokeh simulation when scattering]]
[2022.07.21-23.04.20:567][  0]LogConfig: Setting CVar [[r.DOF.Scatter.MaxSpriteRatio:0.1         ; only a maximum of 10% of scattered bokeh]]
[2022.07.21-23.04.20:567][  0]LogConfig: Setting CVar [[r.DOF.Recombine.Quality:1                ; cheap slight out of focus]]
[2022.07.21-23.04.20:567][  0]LogConfig: Setting CVar [[r.DOF.Recombine.EnableBokehSettings:0    ; no bokeh simulation on slight out of focus]]
[2022.07.21-23.04.20:567][  0]LogConfig: Setting CVar [[r.DOF.TemporalAAQuality:1                ; more stable temporal accumulation]]
[2022.07.21-23.04.20:567][  0]LogConfig: Setting CVar [[r.DOF.Kernel.MaxForegroundRadius:0.025]]
[2022.07.21-23.04.20:567][  0]LogConfig: Setting CVar [[r.DOF.Kernel.MaxBackgroundRadius:0.025]]
[2022.07.21-23.04.20:567][  0]LogConfig: Applying CVar settings from Section [TextureQuality@3] File [D:/Unreal/Bounty Dash/BountyDash/Saved/Config/Windows/Scalability.ini]
[2022.07.21-23.04.20:567][  0]LogConfig: Setting CVar [[r.Streaming.MipBias:0]]
[2022.07.21-23.04.20:567][  0]LogConfig: Setting CVar [[r.Streaming.AmortizeCPUToGPUCopy:0]]
[2022.07.21-23.04.20:567][  0]LogConfig: Setting CVar [[r.Streaming.MaxNumTexturesToStreamPerFrame:0]]
[2022.07.21-23.04.20:567][  0]LogConfig: Setting CVar [[r.Streaming.Boost:1]]
[2022.07.21-23.04.20:567][  0]LogConfig: Setting CVar [[r.MaxAnisotropy:8]]
[2022.07.21-23.04.20:567][  0]LogConfig: Setting CVar [[r.VT.MaxAnisotropy:8]]
[2022.07.21-23.04.20:567][  0]LogConfig: Setting CVar [[r.Streaming.LimitPoolSizeToVRAM:0]]
[2022.07.21-23.04.20:567][  0]LogConfig: Setting CVar [[r.Streaming.PoolSize:1000]]
[2022.07.21-23.04.20:567][  0]LogConfig: Setting CVar [[r.Streaming.MaxEffectiveScreenSize:0]]
[2022.07.21-23.04.20:567][  0]LogConfig: Applying CVar settings from Section [EffectsQuality@3] File [D:/Unreal/Bounty Dash/BountyDash/Saved/Config/Windows/Scalability.ini]
[2022.07.21-23.04.20:567][  0]LogConfig: Setting CVar [[r.TranslucencyLightingVolumeDim:64]]
[2022.07.21-23.04.20:567][  0]LogConfig: Setting CVar [[r.RefractionQuality:2]]
[2022.07.21-23.04.20:567][  0]LogConfig: Setting CVar [[r.SSR.Quality:3]]
[2022.07.21-23.04.20:567][  0]LogConfig: Setting CVar [[r.SSR.HalfResSceneColor:0]]
[2022.07.21-23.04.20:567][  0]LogConfig: Setting CVar [[r.SceneColorFormat:4]]
[2022.07.21-23.04.20:567][  0]LogConfig: Setting CVar [[r.DetailMode:2]]
[2022.07.21-23.04.20:567][  0]LogConfig: Setting CVar [[r.TranslucencyVolumeBlur:1]]
[2022.07.21-23.04.20:567][  0]LogConfig: Setting CVar [[r.MaterialQualityLevel:1 ; High quality]]
[2022.07.21-23.04.20:567][  0]LogConfig: Setting CVar [[r.AnisotropicMaterials:1]]
[2022.07.21-23.04.20:567][  0]LogConfig: Setting CVar [[r.SSS.Scale:1]]
[2022.07.21-23.04.20:567][  0]LogConfig: Setting CVar [[r.SSS.SampleSet:2]]
[2022.07.21-23.04.20:567][  0]LogConfig: Setting CVar [[r.SSS.Quality:1]]
[2022.07.21-23.04.20:567][  0]LogConfig: Setting CVar [[r.SSS.HalfRes:0]]
[2022.07.21-23.04.20:567][  0]LogConfig: Setting CVar [[r.SSGI.Quality:3]]
[2022.07.21-23.04.20:567][  0]LogConfig: Setting CVar [[r.EmitterSpawnRateScale:1.0]]
[2022.07.21-23.04.20:567][  0]LogConfig: Setting CVar [[r.ParticleLightQuality:2]]
[2022.07.21-23.04.20:568][  0]LogConfig: Setting CVar [[r.SkyAtmosphere.AerialPerspectiveLUT.FastApplyOnOpaque:1 ; Always have FastSkyLUT 1 in this case to avoid wrong sky]]
[2022.07.21-23.04.20:568][  0]LogConfig: Setting CVar [[r.SkyAtmosphere.AerialPerspectiveLUT.SampleCountMaxPerSlice:4]]
[2022.07.21-23.04.20:568][  0]LogConfig: Setting CVar [[r.SkyAtmosphere.AerialPerspectiveLUT.DepthResolution:16.0]]
[2022.07.21-23.04.20:568][  0]LogConfig: Setting CVar [[r.SkyAtmosphere.FastSkyLUT:1]]
[2022.07.21-23.04.20:568][  0]LogConfig: Setting CVar [[r.SkyAtmosphere.FastSkyLUT.SampleCountMin:4.0]]
[2022.07.21-23.04.20:568][  0]LogConfig: Setting CVar [[r.SkyAtmosphere.FastSkyLUT.SampleCountMax:128.0]]
[2022.07.21-23.04.20:568][  0]LogConfig: Setting CVar [[r.SkyAtmosphere.SampleCountMin:4.0]]
[2022.07.21-23.04.20:568][  0]LogConfig: Setting CVar [[r.SkyAtmosphere.SampleCountMax:128.0]]
[2022.07.21-23.04.20:568][  0]LogConfig: Setting CVar [[r.SkyAtmosphere.TransmittanceLUT.UseSmallFormat:0]]
[2022.07.21-23.04.20:568][  0]LogConfig: Setting CVar [[r.SkyAtmosphere.TransmittanceLUT.SampleCount:10.0]]
[2022.07.21-23.04.20:568][  0]LogConfig: Setting CVar [[r.SkyAtmosphere.MultiScatteringLUT.SampleCount:15.0]]
[2022.07.21-23.04.20:568][  0]LogConfig: Setting CVar [[r.SkyLight.RealTimeReflectionCapture:1]]
[2022.07.21-23.04.20:568][  0]LogConfig: Applying CVar settings from Section [FoliageQuality@3] File [D:/Unreal/Bounty Dash/BountyDash/Saved/Config/Windows/Scalability.ini]
[2022.07.21-23.04.20:568][  0]LogConfig: Setting CVar [[foliage.DensityScale:1.0]]
[2022.07.21-23.04.20:568][  0]LogConfig: Setting CVar [[grass.DensityScale:1.0]]
[2022.07.21-23.04.20:568][  0]LogConfig: Applying CVar settings from Section [ShadingQuality@3] File [D:/Unreal/Bounty Dash/BountyDash/Saved/Config/Windows/Scalability.ini]
[2022.07.21-23.04.20:568][  0]LogConfig: Setting CVar [[r.HairStrands.SkyLighting.IntegrationType:2]]
[2022.07.21-23.04.20:568][  0]LogConfig: Setting CVar [[r.HairStrands.SkyAO.SampleCount:4]]
[2022.07.21-23.04.20:568][  0]LogConfig: Setting CVar [[r.HairStrands.Visibility.MSAA.SamplePerPixel:4]]
[2022.07.21-23.04.20:568][  0]LogConfig: Applying CVar settings from Section [Startup] File [../../../Engine/Config/ConsoleVariables.ini]
[2022.07.21-23.04.20:569][  0]LogConfig: Setting CVar [[net.UseAdaptiveNetUpdateFrequency:0]]
[2022.07.21-23.04.20:569][  0]LogConfig: Setting CVar [[p.chaos.AllowCreatePhysxBodies:1]]
[2022.07.21-23.04.20:569][  0]LogConfig: Setting CVar [[fx.SkipVectorVMBackendOptimizations:1]]
[2022.07.21-23.04.20:569][  0]LogConfig: Applying CVar settings from Section [ConsoleVariables] File [D:/Unreal/Bounty Dash/BountyDash/Saved/Config/Windows/Engine.ini]
[2022.07.21-23.04.20:569][  0]LogConfig: Applying CVar settings from Section [ConsoleVariables] File [D:/Unreal/Bounty Dash/BountyDash/Saved/Config/Windows/Editor.ini]
[2022.07.21-23.04.20:569][  0]LogInit: Computer: SOMEONES-PC
[2022.07.21-23.04.20:569][  0]LogInit: User: sethg
[2022.07.21-23.04.20:569][  0]LogInit: CPU Page size=4096, Cores=6
[2022.07.21-23.04.20:569][  0]LogInit: High frequency timer resolution =10.000000 MHz
[2022.07.21-23.04.20:569][  0]LogMemory: Memory total: Physical=15.9GB (16GB approx)
[2022.07.21-23.04.20:569][  0]LogMemory: Platform Memory Stats for Windows
[2022.07.21-23.04.20:569][  0]LogMemory: Process Physical Memory: 149.11 MB used, 149.11 MB peak
[2022.07.21-23.04.20:569][  0]LogMemory: Process Virtual Memory: 128.36 MB used, 128.36 MB peak
[2022.07.21-23.04.20:569][  0]LogMemory: Physical Memory: 6875.71 MB used,  9359.07 MB free, 16234.78 MB total
[2022.07.21-23.04.20:569][  0]LogMemory: Virtual Memory: 134204376.00 MB used,  13352.57 MB free, 134217728.00 MB total
[2022.07.21-23.04.20:576][  0]LogWindows: WindowsPlatformFeatures enabled
[2022.07.21-23.04.20:639][  0]LogInit: Physics initialised using underlying interface: PhysX
[2022.07.21-23.04.20:640][  0]LogInit: Using OS detected language (en-US).
[2022.07.21-23.04.20:640][  0]LogInit: Using OS detected locale (en-CA).
[2022.07.21-23.04.20:646][  0]LogTextLocalizationManager: No specific localization for 'en-US' exists, so the 'en' localization will be used.
[2022.07.21-23.04.20:853][  0]LogInit: Setting process to per monitor DPI aware
[2022.07.21-23.04.20:867][  0]LogWindowsTextInputMethodSystem: Display: IME system deactivated.
[2022.07.21-23.04.20:910][  0]LogSlate: New Slate User Created.  User Index 0, Is Virtual User: 0
[2022.07.21-23.04.20:910][  0]LogSlate: Slate User Registered.  User Index 0, Is Virtual User: 0
[2022.07.21-23.04.21:074][  0]LogD3D11RHI: Loaded GFSDK_Aftermath_Lib.x64.dll
[2022.07.21-23.04.21:182][  0]LogHMD: Failed to initialize OpenVR with code 110
[2022.07.21-23.04.21:182][  0]LogD3D11RHI: D3D11 min allowed feature level: 11_0
[2022.07.21-23.04.21:182][  0]LogD3D11RHI: D3D11 max allowed feature level: 11_0
[2022.07.21-23.04.21:182][  0]LogD3D11RHI: D3D11 adapters:
[2022.07.21-23.04.21:321][  0]LogD3D11RHI:    0. 'NVIDIA GeForce GTX 1060' (Feature Level 11_0)
[2022.07.21-23.04.21:321][  0]LogD3D11RHI:       6052/0/8117 MB DedicatedVideo/DedicatedSystem/SharedSystem, Outputs:1, VendorId:0x10de
[2022.07.21-23.04.21:356][  0]LogD3D11RHI:    1. 'Intel(R) UHD Graphics 630' (Feature Level 11_0)
[2022.07.21-23.04.21:356][  0]LogD3D11RHI:       128/0/8117 MB DedicatedVideo/DedicatedSystem/SharedSystem, Outputs:0, VendorId:0x8086
[2022.07.21-23.04.21:360][  0]LogD3D11RHI:    2. 'Microsoft Basic Render Driver' (Feature Level 11_0)
[2022.07.21-23.04.21:360][  0]LogD3D11RHI:       0/0/8117 MB DedicatedVideo/DedicatedSystem/SharedSystem, Outputs:0, VendorId:0x1414
[2022.07.21-23.04.21:360][  0]LogD3D11RHI: Chosen D3D11 Adapter:
[2022.07.21-23.04.21:360][  0]LogD3D11RHI:     Description : NVIDIA GeForce GTX 1060
[2022.07.21-23.04.21:360][  0]LogD3D11RHI:     VendorId    : 10de
[2022.07.21-23.04.21:360][  0]LogD3D11RHI:     DeviceId    : 1c20
[2022.07.21-23.04.21:360][  0]LogD3D11RHI:     SubSysId    : 1b4e1043
[2022.07.21-23.04.21:360][  0]LogD3D11RHI:     Revision    : 00a1
[2022.07.21-23.04.21:360][  0]LogD3D11RHI:     DedicatedVideoMemory : 6345981952 bytes
[2022.07.21-23.04.21:360][  0]LogD3D11RHI:     DedicatedSystemMemory : 0 bytes
[2022.07.21-23.04.21:360][  0]LogD3D11RHI:     SharedSystemMemory : 8511698944 bytes
[2022.07.21-23.04.21:360][  0]LogD3D11RHI:     AdapterLuid : 0 70306
[2022.07.21-23.04.21:366][  0]LogD3D11RHI: Creating new Direct3DDevice
[2022.07.21-23.04.21:366][  0]LogD3D11RHI:     GPU DeviceId: 0x1c20 (for the marketing name, search the web for "GPU Device Id")
[2022.07.21-23.04.21:366][  0]LogWindows: EnumDisplayDevices:
[2022.07.21-23.04.21:367][  0]LogWindows:    0. 'Intel(R) UHD Graphics 630' (P:1 D:1)
[2022.07.21-23.04.21:367][  0]LogWindows:    1. 'Intel(R) UHD Graphics 630' (P:0 D:0)
[2022.07.21-23.04.21:367][  0]LogWindows:    2. 'Intel(R) UHD Graphics 630' (P:0 D:0)
[2022.07.21-23.04.21:368][  0]LogWindows:    3. 'NVIDIA GeForce GTX 1060' (P:0 D:0)
[2022.07.21-23.04.21:368][  0]LogWindows: DebugString: PrimaryIsNotTheChoosenAdapter PrimaryIsNotTheChoosenAdapter PrimaryIsNotTheChoosenAdapter 
[2022.07.21-23.04.21:368][  0]LogD3D11RHI:     Adapter Name: NVIDIA GeForce GTX 1060
[2022.07.21-23.04.21:368][  0]LogD3D11RHI:   Driver Version: 512.59 (internal:30.0.15.1259, unified:512.59)
[2022.07.21-23.04.21:368][  0]LogD3D11RHI:      Driver Date: 4-20-2022
[2022.07.21-23.04.21:368][  0]LogRHI: Texture pool is 4236 MB (70% of 6052 MB)
[2022.07.21-23.04.21:368][  0]LogD3D11RHI: Creating D3DDevice using adapter:
[2022.07.21-23.04.21:368][  0]LogD3D11RHI:     Description : NVIDIA GeForce GTX 1060
[2022.07.21-23.04.21:368][  0]LogD3D11RHI:     VendorId    : 10de
[2022.07.21-23.04.21:368][  0]LogD3D11RHI:     DeviceId    : 1c20
[2022.07.21-23.04.21:368][  0]LogD3D11RHI:     SubSysId    : 1b4e1043
[2022.07.21-23.04.21:368][  0]LogD3D11RHI:     Revision    : 00a1
[2022.07.21-23.04.21:368][  0]LogD3D11RHI:     DedicatedVideoMemory : 6345981952 bytes
[2022.07.21-23.04.21:368][  0]LogD3D11RHI:     DedicatedSystemMemory : 0 bytes
[2022.07.21-23.04.21:368][  0]LogD3D11RHI:     SharedSystemMemory : 8511698944 bytes
[2022.07.21-23.04.21:368][  0]LogD3D11RHI:     AdapterLuid : 0 70306
[2022.07.21-23.04.21:429][  0]LogD3D11RHI: RHI has support for 64 bit atomics
[2022.07.21-23.04.21:429][  0]LogD3D11RHI: Async texture creation enabled
[2022.07.21-23.04.21:429][  0]LogD3D11RHI: Array index from any shader is supported
[2022.07.21-23.04.21:452][  0]LogD3D11RHI: GPU Timing Frequency: 1000.000000 (Debug: 2 1)
[2022.07.21-23.04.21:513][  0]LogRHI: GeForceNow SDK initialized: 1
[2022.07.21-23.04.21:909][  0]LogTargetPlatformManager: Display: Loaded TargetPlatform 'AllDesktop'
[2022.07.21-23.04.21:935][  0]LogTargetPlatformManager: Display: Loaded TargetPlatform 'Android'
[2022.07.21-23.04.21:935][  0]LogTargetPlatformManager: Display: Loaded TargetPlatform 'Android_ASTC'
[2022.07.21-23.04.21:935][  0]LogTargetPlatformManager: Display: Loaded TargetPlatform 'Android_DXT'
[2022.07.21-23.04.21:935][  0]LogTargetPlatformManager: Display: Loaded TargetPlatform 'Android_ETC2'
[2022.07.21-23.04.21:935][  0]LogTargetPlatformManager: Display: Loaded TargetPlatform 'AndroidClient'
[2022.07.21-23.04.21:935][  0]LogTargetPlatformManager: Display: Loaded TargetPlatform 'Android_ASTCClient'
[2022.07.21-23.04.21:935][  0]LogTargetPlatformManager: Display: Loaded TargetPlatform 'Android_DXTClient'
[2022.07.21-23.04.21:935][  0]LogTargetPlatformManager: Display: Loaded TargetPlatform 'Android_ETC2Client'
[2022.07.21-23.04.21:935][  0]LogTargetPlatformManager: Display: Loaded TargetPlatform 'Android_Multi'
[2022.07.21-23.04.21:935][  0]LogTargetPlatformManager: Display: Loaded TargetPlatform 'Android_MultiClient'
[2022.07.21-23.04.21:960][  0]LogTargetPlatformManager: Display: Loaded TargetPlatform 'IOSClient'
[2022.07.21-23.04.21:960][  0]LogTargetPlatformManager: Display: Loaded TargetPlatform 'IOS'
[2022.07.21-23.04.21:973][  0]LogTargetPlatformManager: Display: Loaded TargetPlatform 'Linux'
[2022.07.21-23.04.21:981][  0]LogTargetPlatformManager: Display: Loaded TargetPlatform 'LinuxNoEditor'
[2022.07.21-23.04.21:989][  0]LogTargetPlatformManager: Display: Loaded TargetPlatform 'LinuxClient'
[2022.07.21-23.04.21:996][  0]LogTargetPlatformManager: Display: Loaded TargetPlatform 'LinuxServer'
[2022.07.21-23.04.22:008][  0]LogTargetPlatformManager: Display: Loaded TargetPlatform 'LinuxAArch64NoEditor'
[2022.07.21-23.04.22:014][  0]LogTargetPlatformManager: Display: Loaded TargetPlatform 'LinuxAArch64Client'
[2022.07.21-23.04.22:020][  0]LogTargetPlatformManager: Display: Loaded TargetPlatform 'LinuxAArch64Server'
[2022.07.21-23.04.22:054][  0]LogTargetPlatformManager: Display: Loaded TargetPlatform 'Lumin'
[2022.07.21-23.04.22:054][  0]LogTargetPlatformManager: Display: Loaded TargetPlatform 'LuminClient'
[2022.07.21-23.04.22:066][  0]LogTargetPlatformManager: Display: Loaded TargetPlatform 'MacNoEditor'
[2022.07.21-23.04.22:072][  0]LogTargetPlatformManager: Display: Loaded TargetPlatform 'Mac'
[2022.07.21-23.04.22:078][  0]LogTargetPlatformManager: Display: Loaded TargetPlatform 'MacClient'
[2022.07.21-23.04.22:083][  0]LogTargetPlatformManager: Display: Loaded TargetPlatform 'MacServer'
[2022.07.21-23.04.22:097][  0]LogTargetPlatformManager: Display: Loaded TargetPlatform 'TVOSClient'
[2022.07.21-23.04.22:097][  0]LogTargetPlatformManager: Display: Loaded TargetPlatform 'TVOS'
[2022.07.21-23.04.22:110][  0]LogTargetPlatformManager: Display: Loaded TargetPlatform 'WindowsNoEditor'
[2022.07.21-23.04.22:118][  0]LogTargetPlatformManager: Display: Loaded TargetPlatform 'Windows'
[2022.07.21-23.04.22:124][  0]LogTargetPlatformManager: Display: Loaded TargetPlatform 'WindowsClient'
[2022.07.21-23.04.22:133][  0]LogTargetPlatformManager: Display: Loaded TargetPlatform 'WindowsServer'
[2022.07.21-23.04.22:133][  0]LogTargetPlatformManager: Display: Building Assets For Windows
[2022.07.21-23.04.22:144][  0]LogAudioDebug: Display: Lib vorbis DLL was dynamically loaded.
[2022.07.21-23.04.22:190][  0]LogTextureFormatOodle: Display: Oodle Texture 2.9.0 init RDO Off
[2022.07.21-23.04.22:237][  0]LogRendererCore: Ray tracing is disabled. Reason: r.RayTracing=0.
[2022.07.21-23.04.22:237][  0]LogShaderCompilers: Guid format shader working directory is 13 characters bigger than the processId version (D:/Unreal/Bounty Dash/BountyDash/Intermediate/Shaders/WorkingDirectory/11112/).
[2022.07.21-23.04.22:237][  0]LogShaderCompilers: Cleaned the shader compiler working directory 'C:/Users/sethg/AppData/Local/Temp/UnrealShaderWorkingDir/6BADDD3D4CB32E4AEE3CBEAF15D1D245/'.
[2022.07.21-23.04.22:237][  0]LogXGEController: Cannot use XGE Controller as Incredibuild is not installed on this machine.
[2022.07.21-23.04.22:237][  0]LogShaderCompilers: Cannot use XGE Shader Compiler as Incredibuild is not installed on this machine.
[2022.07.21-23.04.22:237][  0]LogShaderCompilers: Display: Using Local Shader Compiler.
[2022.07.21-23.04.23:029][  0]LogDerivedDataCache: Display: Max Cache Size: 512 MB
[2022.07.21-23.04.23:111][  0]LogDerivedDataCache: Loaded boot cache 0.08s 97MB C:/Users/sethg/AppData/Local/UnrealEngine/4.27/DerivedDataCache/Boot.ddc.
[2022.07.21-23.04.23:111][  0]LogDerivedDataCache: Display: Loaded Boot cache: C:/Users/sethg/AppData/Local/UnrealEngine/4.27/DerivedDataCache/Boot.ddc
[2022.07.21-23.04.23:112][  0]LogDerivedDataCache: FDerivedDataBackendGraph:  Pak pak cache file D:/Unreal/Bounty Dash/BountyDash/DerivedDataCache/DDC.ddp not found, will not use a pak cache.
[2022.07.21-23.04.23:112][  0]LogDerivedDataCache: Unable to find inner node Pak for hierarchical cache Hierarchy.
[2022.07.21-23.04.23:112][  0]LogDerivedDataCache: FDerivedDataBackendGraph:  CompressedPak pak cache file D:/Unreal/Bounty Dash/BountyDash/DerivedDataCache/Compressed.ddp not found, will not use a pak cache.
[2022.07.21-23.04.23:112][  0]LogDerivedDataCache: Unable to find inner node CompressedPak for hierarchical cache Hierarchy.
[2022.07.21-23.04.23:127][  0]LogDerivedDataCache: Display: Pak cache opened for reading ../../../Engine/DerivedDataCache/Compressed.ddp.
[2022.07.21-23.04.23:128][  0]LogDerivedDataCache: FDerivedDataBackendGraph:  EnterprisePak pak cache file ../../../Enterprise/DerivedDataCache/Compressed.ddp not found, will not use a pak cache.
[2022.07.21-23.04.23:128][  0]LogDerivedDataCache: Unable to find inner node EnterprisePak for hierarchical cache Hierarchy.
[2022.07.21-23.04.23:141][  0]LogDerivedDataCache: Speed tests for C:/Users/sethg/AppData/Local/UnrealEngine/Common/DerivedDataCache took 0.01 seconds
[2022.07.21-23.04.23:141][  0]LogDerivedDataCache: Display: Performance to C:/Users/sethg/AppData/Local/UnrealEngine/Common/DerivedDataCache: Latency=0.04ms. RandomReadSpeed=210.43MBs, RandomWriteSpeed=110.21MBs. Assigned SpeedClass 'Local'
[2022.07.21-23.04.23:142][  0]LogDerivedDataCache: Using Local data cache path C:/Users/sethg/AppData/Local/UnrealEngine/Common/DerivedDataCache: Writable
[2022.07.21-23.04.23:142][  0]LogDerivedDataCache: Shared data cache path not found in *engine.ini, will not use an Shared cache.
[2022.07.21-23.04.23:142][  0]LogDerivedDataCache: Unable to find inner node Shared for hierarchical cache Hierarchy.
[2022.07.21-23.04.23:187][  0]LogSlate: Using FreeType 2.10.0
[2022.07.21-23.04.23:187][  0]LogSlate: SlateFontServices - WITH_FREETYPE: 1, WITH_HARFBUZZ: 1
[2022.07.21-23.04.23:217][  0]LogAssetRegistry: FAssetRegistry took 0.0036 seconds to start up
[2022.07.21-23.04.23:511][  0]LogInit: Selected Device Profile: [Windows]
[2022.07.21-23.04.23:511][  0]LogInit: Active device profile: [00000216B0F45300][00000216B1577AC0 49] Windows
[2022.07.21-23.04.23:511][  0]LogInit: Profiles: [00000216B0F45300][00000216B1577AC0 49] Windows, [00000216B0EFEF00][00000216B157E0C0 49] WindowsNoEditor, [00000216B0F46500][00000216B1582240 49] WindowsServer, [00000216B0EFFD00][00000216B157A380 49] WindowsClient, [00000216B0F47200][00000216B15864C0 49] IOS, [00000216B0EFD300][00000216B158A600 49] iPadAir, [00000216B0F46900][00000216B158E740 49] iPadAir2, [00000216B0EB9C00][00000216B159AA00 49] IPadPro, [00000216B0EB9D00][00000216B1596A40 49] iPadAir3, [00000216B0EFD800][00000216B159EBC0 49] iPadAir4, [00000216B0EBAC00][00000216B15A2D40 49] iPadMini2, [00000216B0EFDE00][00000216B15A6EC0 49] iPadMini3, [00000216B0EB8B00][00000216B15AB040 49] iPadMini4, [00000216B0EFF300][00000216A14C71C0 49] iPadMini5, [00000216B0EC9300][00000216A14CF480 49] iPhone6, [00000216B0EC9400][00000216A14CB4C0 49] iPodTouch6, [00000216B0F45600][00000216A14D7780 49] iPhone7, [00000216B0F46B00][00000216A14D37C0 49] iPodTouch7, [00000216B0EBBB00][00000216A14DB940 49] iPhone5S, [00000216B0F45800][00000216A14DFAC0 49] iPhone6Plus, [00000216B0EBB000][00000216A14E20C0 49] iPhone6S, [00000216B0F46800][00000216A14E6240 49] iPhone6SPlus, [00000216B0EB9500][00000216A14EA3C0 49] iPhone7Plus, [00000216B0F44100][00000216A14EE540 49] iPhoneSE, [00000216B0EB8200][00000216B1592680 49] iPhone8, [00000216B0F45700][00000216B15C07C0 49] iPhone8Plus, [00000216B0EC8100][00000216B15C4900 49] iPhoneX, [00000216B0EB9800][00000216B15CCA80 49] iPhoneXS, [00000216B0EC8C00][00000216B15D0C00 49] iPhoneXSMax, [00000216B0EBB800][00000216B15D4D80 49] iPhoneXR, [00000216B0ECBD00][00000216B15D8F00 49] iPhone11, [00000216B0EBA800][00000216B15DD080 49] iPhone11Pro, [00000216B0ECB800][00000216B15E1200 49] iPhone11ProMax, [00000216B0EB8C00][00000216B15E5380 49] iPhoneSE2, [00000216B0ECA900][00000216B15E9500 49] iPhone12Mini, [00000216B0EBBF00][00000216B15ED680 49] iPhone12, [00000216B0F44A00][00000216B15F1800 49] iPhone12Pro, [00000216B0EBBE00][00000216B15F5980 49] iPhone12ProMax, [00000216B0F44700][00000216B15F9B00 49] iPadPro105, [00000216B0EB9100][00000216B15FC100 49] iPadPro129, [00000216B0F46E00][00000216B1600280 49] iPadPro97, [00000216B0EB9300][00000216B1604400 49] iPadPro2_129, [00000216B0F44800][00000216B1616580 49] iPad5, [00000216B0EBAD00][00000216B1640700 49] iPad6, [00000216B0F47D00][00000216B15C8840 49] iPad7, [00000216B0EB9200][00000216B1644980 49] iPad8, [00000216B0F45E00][00000216B1648AC0 49] iPadPro11, [00000216B0EBA500][00000216B1650C40 49] iPadPro2_11, [00000216B0F47700][00000216B1654DC0 49] iPadPro3_129, [00000216B0EB9900][00000216B1658F40 49] iPadPro4_129, [00000216B0F45100][00000216B165D0C0 49] AppleTV, [00000216B0EB9600][00000216B1661240 49] AppleTV4K, [00000216B0F46A00][00000216B16653C0 49] TVOS, [00000216B0EBBA00][00000216B1669540 49] Mac, [00000216B0F45000][00000216B166D6C0 49] MacClient, [00000216B0EBA400][00000216B1671840 49] MacNoEditor, [00000216B0F45900][00000216B16759C0 49] MacServer, [00000216B0EB8500][00000216B1679B40 49] Linux, [00000216B0F44400][00000216B167C140 49] LinuxAArch64, [00000216B0EB9A00][00000216B16802C0 49] LinuxNoEditor, [00000216B0F45F00][00000216B1684440 49] LinuxAArch64NoEditor, [00000216B0EBBC00][00000216B16885C0 49] LinuxClient, [00000216B0F47000][00000216B168C740 49] LinuxAArch64Client, [00000216B0EBB400][00000216B16908C0 49] LinuxServer, [00000216B0F46200][00000216B164CA00 49] LinuxAArch64Server, [00000216B0EBA200][00000216B1694B40 49] Android, [00000216B0F47900][00000216B1698C80 49] Android_Low, [00000216B0EB8600][00000216B169CDC0 49] Android_Mid, [00000216B0F46D00][00000216B16A4F40 49] Android_High, [00000216B0EBA300][00000216B16A90C0 49] Android_Default, [00000216B0F47C00][00000216B16AD240 49] Android_Adreno4xx, [00000216B0EBAB00][00000216B16B13C0 49] Android_Adreno5xx_Low, [00000216B0F44600][00000216B16B5540 49] Android_Adreno5xx, [00000216B0EBA700][00000216B16B96C0 49] Android_Adreno6xx, [00000216B0F46600][00000216B16BD840 49] Android_Adreno6xx_Vulkan, [00000216B0EBAA00][00000216B16C19C0 49] Android_Mali_T6xx, [00000216B0F44F00][00000216B16C5B40 49] Android_Mali_T7xx, [00000216B0EB9E00][00000216B16C8140 49] Android_Mali_T8xx, [00000216B0F46400][00000216B16CC2C0 49] Android_Mali_G71, [00000216B0EB8100][00000216B16D0440 49] Android_Mali_G72, [00000216B0F47A00][00000216B16D45C0 49] Android_Mali_G72_Vulkan, [00000216B0EBAF00][00000216B16D8740 49] Android_Mali_G76, [00000216B0F44200][00000216B16DC8C0 49] Android_Mali_G76_Vulkan, [00000216B0EFCF00][00000216B16E0A40 49] Android_Mali_G77, [00000216B0ECA100][00000216B16A0B80 49] Android_Mali_G77_Vulkan, [00000216B0EFCD00][00000216B16E4CC0 49] Android_Mali_G78, [00000216B0ECB400][00000216B16E8E00 49] Android_Mali_G78_Vulkan, [00000216B0EFC400][00000216B16ECF40 49] Android_Mali_G710, [00000216B0ECB100][00000216B16F50C0 49] Android_Mali_G710_Vulkan, [00000216B0EFCE00][00000216B16F9240 49] Android_Vulkan_SM5, [00000216B0ECBA00][00000216B16FD3C0 49] Android_PowerVR_G6xxx, [00000216B0EFE900][00000216B1701540 49] Android_PowerVR_GT7xxx, [00000216B0ECAF00][00000216B17056C0 49] Android_PowerVR_GE8xxx, [00000216B0EFE800][00000216B1709840 49] Android_PowerVR_GM9xxx, [00000216B0EC9F00][00000216B170D9C0 49] Android_PowerVR_GM9xxx_Vulkan, [00000216B0EFF700][00000216B1711B40 49] Android_TegraK1, [00000216B0EC8300][00000216B1714140 49] Android_Unknown_Vulkan, [00000216B0EFCC00][00000216B17182C0 49] Lumin, [00000216B0ECAE00][00000216B171C440 49] Lumin_Desktop, [00000216B0EFE300][00000216B17205C0 49] HoloLens, 
[2022.07.21-23.04.23:818][  0]LogMeshReduction: Using QuadricMeshReduction for automatic static mesh reduction
[2022.07.21-23.04.23:818][  0]LogMeshReduction: Using SimplygonMeshReduction for automatic skeletal mesh reduction
[2022.07.21-23.04.23:818][  0]LogMeshReduction: Using ProxyLODMeshReduction for automatic mesh merging
[2022.07.21-23.04.23:818][  0]LogMeshReduction: No distributed automatic mesh merging module available
[2022.07.21-23.04.23:819][  0]LogMeshMerging: No distributed automatic mesh merging module available
[2022.07.21-23.04.23:850][  0]LogNetVersion: BountyDash 1.0.0, NetCL: 17155196, EngineNetVer: 17, GameNetVer: 0 (Checksum: 684382062)
[2022.07.21-23.04.24:558][  0]LogTexture: Default maximum texture size for cubemaps generated from long-lat sources has been changed from 512 to unlimited. In order to preserve old behaiour for '/Engine/MapTemplates/Sky/DaylightAmbientCubemap.DaylightAmbientCubemap', its maximum texture size has been explicitly set to 512.
[2022.07.21-23.04.24:673][  0]LogHMD: PokeAHoleMaterial loaded successfully
[2022.07.21-23.04.24:684][  0]LogUObjectArray: 17178 objects as part of root set at end of initial load.
[2022.07.21-23.04.24:684][  0]LogUObjectAllocator: 4302048 out of 0 bytes used by permanent object pool.
[2022.07.21-23.04.24:684][  0]LogUObjectArray: CloseDisregardForGC: 0/0 objects in disregard for GC pool
[2022.07.21-23.04.25:536][  0]LogNiagaraDebuggerClient: Niagara Debugger Client Initialized | Session: 126ADB2B44258D6804A550BA6D42D56E | Instance: CCD64E72401032A88FE529AC8247D27B (SOMEONES-PC-11112).
[2022.07.21-23.04.25:610][  0]LogPython: Using Python 3.7.7
[2022.07.21-23.04.36:300][  0]LogUdpMessaging: Initializing bridge on interface 0.0.0.0:0 to multicast group 230.0.0.1:6666.
[2022.07.21-23.04.36:310][  0]LogTcpMessaging: Initializing TcpMessaging bridge
[2022.07.21-23.04.36:606][  0]SourceControl: Source control is disabled
[2022.07.21-23.04.36:606][  0]SourceControl: Source control is disabled
[2022.07.21-23.04.36:611][  0]SourceControl: Source control is disabled
[2022.07.21-23.04.36:616][  0]SourceControl: Source control is disabled
[2022.07.21-23.04.36:632][  0]SourceControl: Source control is disabled
[2022.07.21-23.04.36:653][  0]LogUProjectInfo: Found projects:
[2022.07.21-23.04.36:883][  0]LogOpenImageDenoise: OIDN starting up
[2022.07.21-23.04.36:928][  0]LogAndroidPermission: UAndroidPermissionCallbackProxy::GetInstance
[2022.07.21-23.04.36:956][  0]LogAudioCaptureCore: Display: No Audio Capture implementations found. Audio input will be silent.
[2022.07.21-23.04.36:956][  0]LogAudioCaptureCore: Display: No Audio Capture implementations found. Audio input will be silent.
[2022.07.21-23.04.37:135][  0]LogCollectionManager: Loaded 0 collections in 0.001702 seconds
[2022.07.21-23.04.37:295][  0]LogFileCache: Scanning file cache for directory 'D:/Unreal/Bounty Dash/BountyDash/Saved/Collections/' took 0.04s
[2022.07.21-23.04.37:295][  0]LogFileCache: Scanning file cache for directory 'D:/Unreal/Bounty Dash/BountyDash/Content/Developers/sethg/Collections/' took 0.03s
[2022.07.21-23.04.37:295][  0]LogFileCache: Scanning file cache for directory 'D:/Unreal/Bounty Dash/BountyDash/Content/Collections/' took 0.00s
[2022.07.21-23.04.37:295][  0]LogOcInput: OculusInput pre-init called
[2022.07.21-23.04.37:558][  0]LogEngine: Initializing Engine...
[2022.07.21-23.04.37:562][  0]LogHMD: Failed to enumerate extensions. Please check that you have a valid OpenXR runtime installed.
[2022.07.21-23.04.37:563][  0]LogHMD: Failed to initialize OpenVR with code 110
[2022.07.21-23.04.37:563][  0]LogMagicLeap: Warning: VR disabled because ZI is not enabled.  To enable, in the editor, Edit -> Project Settings -> Plugins -> Magic Leap Plugin -> Enable Zero Iteration
[2022.07.21-23.04.37:563][  0]LogStats: UGameplayTagsManager::InitializeManager -  0.000 s
[2022.07.21-23.04.37:724][  0]LogInit: Initializing FReadOnlyCVARCache
[2022.07.21-23.04.37:733][  0]LogAIModule: Creating AISystem for world Untitled
[2022.07.21-23.04.37:733][  0]LogAudio: Display: Initializing Audio Device Manager...
[2022.07.21-23.04.37:738][  0]LogAudio: Display: Loading Default Audio Settings Objects...
[2022.07.21-23.04.37:738][  0]LogAudio: Display: No default SoundConcurrencyObject specified (or failed to load).
[2022.07.21-23.04.37:738][  0]LogAudio: Display: Audio Device Manager Initialized
[2022.07.21-23.04.37:738][  0]LogAudio: Display: Creating Audio Device:                 Id: 1, Scope: Shared, Realtime: True
[2022.07.21-23.04.37:739][  0]LogAudioMixer: Display: Audio Mixer Platform Settings:
[2022.07.21-23.04.37:739][  0]LogAudioMixer: Display: 	Sample Rate:						  48000
[2022.07.21-23.04.37:739][  0]LogAudioMixer: Display: 	Callback Buffer Frame Size Requested: 1024
[2022.07.21-23.04.37:739][  0]LogAudioMixer: Display: 	Callback Buffer Frame Size To Use:	  1024
[2022.07.21-23.04.37:739][  0]LogAudioMixer: Display: 	Number of buffers to queue:			  2
[2022.07.21-23.04.37:739][  0]LogAudioMixer: Display: 	Max Channels (voices):				  32
[2022.07.21-23.04.37:739][  0]LogAudioMixer: Display: 	Number of Async Source Workers:		  0
[2022.07.21-23.04.37:739][  0]LogAudio: Display: AudioDevice MaxSources: 32
[2022.07.21-23.04.37:739][  0]LogAudio: Display: Audio Spatialization Plugin: None (built-in).
[2022.07.21-23.04.37:739][  0]LogAudio: Display: Audio Reverb Plugin: None (built-in).
[2022.07.21-23.04.37:739][  0]LogAudio: Display: Audio Occlusion Plugin: None (built-in).
[2022.07.21-23.04.37:739][  0]LogAudioMixer: Display: Initializing audio mixer.
[2022.07.21-23.04.37:766][  0]LogAudioMixer: Display: 0: FrontLeft
[2022.07.21-23.04.37:766][  0]LogAudioMixer: Display: 1: FrontRight
[2022.07.21-23.04.37:906][  0]LogAudioMixer: Display: Using Audio Device Speakers (Realtek(R) Audio)
[2022.07.21-23.04.37:910][  0]LogAudioMixer: Display: Initializing Sound Submixes...
[2022.07.21-23.04.37:914][  0]LogAudioMixer: Display: Creating Master Submix 'MasterSubmixDefault'
[2022.07.21-23.04.37:914][  0]LogAudioMixer: Display: Creating Master Submix 'MasterReverbSubmixDefault'
[2022.07.21-23.04.37:915][  0]LogAudioMixer: Display: Creating Master Submix 'MasterEQSubmixDefault'
[2022.07.21-23.04.37:915][  0]LogAudioMixer: FMixerPlatformXAudio2::StartAudioStream() called
[2022.07.21-23.04.37:915][  0]LogAudioMixer: Display: Output buffers initialized: Frames=1024, Channels=2, Samples=2048
[2022.07.21-23.04.37:916][  0]LogAudioMixer: Display: Starting AudioMixerPlatformInterface::RunInternal()
[2022.07.21-23.04.37:916][  0]LogAudioMixer: Display: FMixerPlatformXAudio2::SubmitBuffer() called for the first time
[2022.07.21-23.04.37:916][  0]LogInit: FAudioDevice initialized.
[2022.07.21-23.04.37:916][  0]LogAudio: Display: Audio Device (ID: 1) registered with world 'Untitled'.
[2022.07.21-23.04.37:916][  0]LogNetVersion: Set ProjectVersion to 1.0.0.0. Version Checksum will be recalculated on next use.
[2022.07.21-23.04.37:977][  0]LogDerivedDataCache: Saved boot cache 0.06s 97MB C:/Users/sethg/AppData/Local/UnrealEngine/4.27/DerivedDataCache/Boot.ddc.
[2022.07.21-23.04.37:977][  0]LogInit: Texture streaming: Enabled
[2022.07.21-23.04.37:993][  0]LogAnalytics: Display: [UEEditor.Rocket.Release] APIServer = https://datarouter.ol.epicgames.com/. AppVersion = 4.27.2-18319896+++UE4+Release-4.27
[2022.07.21-23.04.37:999][  0]LogEngineSessionManager: EngineSessionManager initialized
[2022.07.21-23.04.37:999][  0]LogEditorSessionSummary: Verbose: Initializing EditorSessionSummaryWriter for editor session tracking
[2022.07.21-23.04.38:007][  0]LogEditorSessionSummary: EditorSessionSummaryWriter initialized
[2022.07.21-23.04.38:026][  0]LogInit: Transaction tracking system initialized
[2022.07.21-23.04.38:057][  0]BlueprintLog: New page: Editor Load
[2022.07.21-23.04.38:242][  0]LocalizationService: Localization service is disabled
[2022.07.21-23.04.38:279][  0]TimingProfiler: Initialize
[2022.07.21-23.04.38:279][  0]TimingProfiler: OnSessionChanged
[2022.07.21-23.04.38:279][  0]LoadingProfiler: Initialize
[2022.07.21-23.04.38:279][  0]LoadingProfiler: OnSessionChanged
[2022.07.21-23.04.38:279][  0]NetworkingProfiler: Initialize
[2022.07.21-23.04.38:279][  0]NetworkingProfiler: OnSessionChanged
[2022.07.21-23.04.38:279][  0]MemoryProfiler: Initialize
[2022.07.21-23.04.38:279][  0]MemoryProfiler: OnSessionChanged
[2022.07.21-23.04.38:744][  0]LogCook: Display: CookSettings for Memory: MemoryMaxUsedVirtual 0MiB, MemoryMaxUsedPhysical 16384MiB, MemoryMinFreeVirtual 0MiB, MemoryMinFreePhysical 1024MiB
[2022.07.21-23.04.38:744][  0]LogCook: Display: Mobile HDR setting 1
[2022.07.21-23.04.38:970][  0]LogFileCache: Scanning file cache for directory 'D:/Unreal/Bounty Dash/BountyDash/Content/' took 0.00s
[2022.07.21-23.04.39:190][  0]LogInit: Display: Engine is initialized. Leaving FEngineLoop::Init()
[2022.07.21-23.04.39:226][  0]SourceControl: Source control is disabled
[2022.07.21-23.04.39:226][  0]LogUnrealEdMisc: Loading editor; pre map load, took 20.314
[2022.07.21-23.04.39:226][  0]Cmd: MAP LOAD FILE="../../../Engine/Content/Maps/Templates/Template_Default.umap" TEMPLATE=1 SHOWPROGRESS=1 FEATURELEVEL=3
[2022.07.21-23.04.39:227][  0]LightingResults: New page: Lighting Build
[2022.07.21-23.04.39:228][  0]LogWorld: UWorld::CleanupWorld for Untitled, bSessionEnded=true, bCleanupResources=true
[2022.07.21-23.04.39:228][  0]LogSlate: InvalidateAllWidgets triggered.  All widgets were invalidated
[2022.07.21-23.04.39:228][  0]MapCheck: New page: Map Check
[2022.07.21-23.04.39:228][  0]LightingResults: New page: Lighting Build
[2022.07.21-23.04.39:233][  0]LogAudio: Display: Audio Device unregistered from world 'None'.
[2022.07.21-23.04.39:235][  0]LogUObjectHash: Compacting FUObjectHashTables data took   0.78ms
[2022.07.21-23.04.39:287][  0]LogTexture: Display: Building textures: DeprecatedTextureEB9CBE3C423008B5E8E130901E171C89 (BGRA8, 128X128)
[2022.07.21-23.04.39:299][  0]LogAudio: Display: Audio Device (ID: 1) registered with world 'Untitled_1'.
[2022.07.21-23.04.39:300][  0]LogAIModule: Creating AISystem for world Untitled_1
[2022.07.21-23.04.39:303][  0]LogEditorServer: Finished looking for orphan Actors (0.000 secs)
[2022.07.21-23.04.39:311][  0]LogUObjectHash: Compacting FUObjectHashTables data took   0.90ms
[2022.07.21-23.04.39:311][  0]Cmd: MAP CHECKDEP NOCLEARLOG
[2022.07.21-23.04.39:312][  0]MapCheck: Map check complete: 0 Error(s), 0 Warning(s), took 0.166ms to complete.
[2022.07.21-23.04.39:312][  0]LogFileHelpers: Loading map 'Template_Default' took 0.085
[2022.07.21-23.04.39:315][  0]LogUnrealEdMisc: Total Editor Startup Time, took 20.403
[2022.07.21-23.04.39:462][  0]LogSlate: Updating window title bar state: overlay mode, drag disabled, window buttons hidden, title bar hidden
[2022.07.21-23.04.39:467][  0]LogSlate: Updating window title bar state: overlay mode, drag disabled, window buttons hidden, title bar hidden
[2022.07.21-23.04.39:473][  0]LogSlate: Updating window title bar state: overlay mode, drag disabled, window buttons hidden, title bar hidden
[2022.07.21-23.04.39:479][  0]LogSlate: Updating window title bar state: overlay mode, drag disabled, window buttons hidden, title bar hidden
[2022.07.21-23.04.39:495][  0]LogNativeClassHierarchy: Verbose: Native class hierarchy populated in 0.0089 seconds. Added 3823 classes and 930 folders.
[2022.07.21-23.04.39:497][  0]LogNativeClassHierarchy: Verbose: Native class hierarchy updated for 'WidgetCarousel' in 0.0003 seconds. Added 0 classes and 0 folders.
[2022.07.21-23.04.39:499][  0]LogPakFile: PakFile PrimaryIndexSize=187
[2022.07.21-23.04.39:499][  0]LogPakFile: PakFile PathHashIndexSize=101
[2022.07.21-23.04.39:499][  0]LogPakFile: PakFile FullDirectoryIndexSize=148
[2022.07.21-23.04.39:499][  0]LogShaderLibrary: Display: ShaderCodeLibraryPakFileMountedCallback: PakFile 'C:/Program Files/Epic Games/UE_4.27/FeaturePacks/FP_FirstPerson.upack' (chunk index -1, root 'root:/') mounted
[2022.07.21-23.04.39:499][  0]LogShaderLibrary: Display: ShaderCodeLibraryPakFileMountedCallback: pending pak file info (ChunkID:-1 Root:root:/ File:C:/Program Files/Epic Games/UE_4.27/FeaturePacks/FP_FirstPerson.upack)
[2022.07.21-23.04.39:499][  0]LogPakFile: OnPakFileMounted2Time == 0.000070
[2022.07.21-23.04.39:499][  0]LogPakFile: PakFile PrimaryIndexSize=189
[2022.07.21-23.04.39:499][  0]LogPakFile: PakFile PathHashIndexSize=101
[2022.07.21-23.04.39:499][  0]LogPakFile: PakFile FullDirectoryIndexSize=152
[2022.07.21-23.04.39:499][  0]LogShaderLibrary: Display: ShaderCodeLibraryPakFileMountedCallback: PakFile 'C:/Program Files/Epic Games/UE_4.27/FeaturePacks/FP_FirstPersonBP.upack' (chunk index -1, root 'root:/') mounted
[2022.07.21-23.04.39:499][  0]LogShaderLibrary: Display: ShaderCodeLibraryPakFileMountedCallback: pending pak file info (ChunkID:-1 Root:root:/ File:C:/Program Files/Epic Games/UE_4.27/FeaturePacks/FP_FirstPersonBP.upack)
[2022.07.21-23.04.39:499][  0]LogPakFile: OnPakFileMounted2Time == 0.000036
[2022.07.21-23.04.39:500][  0]LogPakFile: PakFile PrimaryIndexSize=191
[2022.07.21-23.04.39:500][  0]LogPakFile: PakFile PathHashIndexSize=101
[2022.07.21-23.04.39:500][  0]LogPakFile: PakFile FullDirectoryIndexSize=160
[2022.07.21-23.04.39:500][  0]LogShaderLibrary: Display: ShaderCodeLibraryPakFileMountedCallback: PakFile 'C:/Program Files/Epic Games/UE_4.27/FeaturePacks/MobileStarterContent.upack' (chunk index -1, root 'root:/') mounted
[2022.07.21-23.04.39:500][  0]LogShaderLibrary: Display: ShaderCodeLibraryPakFileMountedCallback: pending pak file info (ChunkID:-1 Root:root:/ File:C:/Program Files/Epic Games/UE_4.27/FeaturePacks/MobileStarterContent.upack)
[2022.07.21-23.04.39:500][  0]LogPakFile: OnPakFileMounted2Time == 0.000033
[2022.07.21-23.04.39:501][  0]LogPakFile: PakFile PrimaryIndexSize=185
[2022.07.21-23.04.39:501][  0]LogPakFile: PakFile PathHashIndexSize=101
[2022.07.21-23.04.39:501][  0]LogPakFile: PakFile FullDirectoryIndexSize=148
[2022.07.21-23.04.39:501][  0]LogShaderLibrary: Display: ShaderCodeLibraryPakFileMountedCallback: PakFile 'C:/Program Files/Epic Games/UE_4.27/FeaturePacks/StarterContent.upack' (chunk index -1, root 'root:/') mounted
[2022.07.21-23.04.39:501][  0]LogShaderLibrary: Display: ShaderCodeLibraryPakFileMountedCallback: pending pak file info (ChunkID:-1 Root:root:/ File:C:/Program Files/Epic Games/UE_4.27/FeaturePacks/StarterContent.upack)
[2022.07.21-23.04.39:501][  0]LogPakFile: OnPakFileMounted2Time == 0.000035
[2022.07.21-23.04.39:501][  0]LogPakFile: PakFile PrimaryIndexSize=190
[2022.07.21-23.04.39:501][  0]LogPakFile: PakFile PathHashIndexSize=101
[2022.07.21-23.04.39:501][  0]LogPakFile: PakFile FullDirectoryIndexSize=154
[2022.07.21-23.04.39:501][  0]LogShaderLibrary: Display: ShaderCodeLibraryPakFileMountedCallback: PakFile 'C:/Program Files/Epic Games/UE_4.27/FeaturePacks/TP_2DSideScroller.upack' (chunk index -1, root 'root:/') mounted
[2022.07.21-23.04.39:501][  0]LogShaderLibrary: Display: ShaderCodeLibraryPakFileMountedCallback: pending pak file info (ChunkID:-1 Root:root:/ File:C:/Program Files/Epic Games/UE_4.27/FeaturePacks/TP_2DSideScroller.upack)
[2022.07.21-23.04.39:501][  0]LogPakFile: OnPakFileMounted2Time == 0.000036
[2022.07.21-23.04.39:502][  0]LogPakFile: PakFile PrimaryIndexSize=192
[2022.07.21-23.04.39:502][  0]LogPakFile: PakFile PathHashIndexSize=101
[2022.07.21-23.04.39:502][  0]LogPakFile: PakFile FullDirectoryIndexSize=158
[2022.07.21-23.04.39:502][  0]LogShaderLibrary: Display: ShaderCodeLibraryPakFileMountedCallback: PakFile 'C:/Program Files/Epic Games/UE_4.27/FeaturePacks/TP_2DSideScrollerBP.upack' (chunk index -1, root 'root:/') mounted
[2022.07.21-23.04.39:502][  0]LogShaderLibrary: Display: ShaderCodeLibraryPakFileMountedCallback: pending pak file info (ChunkID:-1 Root:root:/ File:C:/Program Files/Epic Games/UE_4.27/FeaturePacks/TP_2DSideScrollerBP.upack)
[2022.07.21-23.04.39:502][  0]LogPakFile: OnPakFileMounted2Time == 0.000033
[2022.07.21-23.04.39:503][  0]LogPakFile: PakFile PrimaryIndexSize=182
[2022.07.21-23.04.39:503][  0]LogPakFile: PakFile PathHashIndexSize=101
[2022.07.21-23.04.39:503][  0]LogPakFile: PakFile FullDirectoryIndexSize=138
[2022.07.21-23.04.39:503][  0]LogShaderLibrary: Display: ShaderCodeLibraryPakFileMountedCallback: PakFile 'C:/Program Files/Epic Games/UE_4.27/FeaturePacks/TP_Flying.upack' (chunk index -1, root 'root:/') mounted
[2022.07.21-23.04.39:503][  0]LogShaderLibrary: Display: ShaderCodeLibraryPakFileMountedCallback: pending pak file info (ChunkID:-1 Root:root:/ File:C:/Program Files/Epic Games/UE_4.27/FeaturePacks/TP_Flying.upack)
[2022.07.21-23.04.39:503][  0]LogPakFile: OnPakFileMounted2Time == 0.000032
[2022.07.21-23.04.39:503][  0]LogPakFile: PakFile PrimaryIndexSize=184
[2022.07.21-23.04.39:503][  0]LogPakFile: PakFile PathHashIndexSize=101
[2022.07.21-23.04.39:503][  0]LogPakFile: PakFile FullDirectoryIndexSize=142
[2022.07.21-23.04.39:503][  0]LogShaderLibrary: Display: ShaderCodeLibraryPakFileMountedCallback: PakFile 'C:/Program Files/Epic Games/UE_4.27/FeaturePacks/TP_FlyingBP.upack' (chunk index -1, root 'root:/') mounted
[2022.07.21-23.04.39:503][  0]LogShaderLibrary: Display: ShaderCodeLibraryPakFileMountedCallback: pending pak file info (ChunkID:-1 Root:root:/ File:C:/Program Files/Epic Games/UE_4.27/FeaturePacks/TP_FlyingBP.upack)
[2022.07.21-23.04.39:503][  0]LogPakFile: OnPakFileMounted2Time == 0.000032
[2022.07.21-23.04.39:504][  0]LogPakFile: PakFile PrimaryIndexSize=188
[2022.07.21-23.04.39:504][  0]LogPakFile: PakFile PathHashIndexSize=101
[2022.07.21-23.04.39:504][  0]LogPakFile: PakFile FullDirectoryIndexSize=150
[2022.07.21-23.04.39:504][  0]LogShaderLibrary: Display: ShaderCodeLibraryPakFileMountedCallback: PakFile 'C:/Program Files/Epic Games/UE_4.27/FeaturePacks/TP_HandheldARBP.upack' (chunk index -1, root 'root:/') mounted
[2022.07.21-23.04.39:504][  0]LogShaderLibrary: Display: ShaderCodeLibraryPakFileMountedCallback: pending pak file info (ChunkID:-1 Root:root:/ File:C:/Program Files/Epic Games/UE_4.27/FeaturePacks/TP_HandheldARBP.upack)
[2022.07.21-23.04.39:504][  0]LogPakFile: OnPakFileMounted2Time == 0.000033
[2022.07.21-23.04.39:505][  0]LogPakFile: PakFile PrimaryIndexSize=182
[2022.07.21-23.04.39:505][  0]LogPakFile: PakFile PathHashIndexSize=101
[2022.07.21-23.04.39:505][  0]LogPakFile: PakFile FullDirectoryIndexSize=138
[2022.07.21-23.04.39:505][  0]LogShaderLibrary: Display: ShaderCodeLibraryPakFileMountedCallback: PakFile 'C:/Program Files/Epic Games/UE_4.27/FeaturePacks/TP_Puzzle.upack' (chunk index -1, root 'root:/') mounted
[2022.07.21-23.04.39:505][  0]LogShaderLibrary: Display: ShaderCodeLibraryPakFileMountedCallback: pending pak file info (ChunkID:-1 Root:root:/ File:C:/Program Files/Epic Games/UE_4.27/FeaturePacks/TP_Puzzle.upack)
[2022.07.21-23.04.39:505][  0]LogPakFile: OnPakFileMounted2Time == 0.000033
[2022.07.21-23.04.39:505][  0]LogPakFile: PakFile PrimaryIndexSize=184
[2022.07.21-23.04.39:505][  0]LogPakFile: PakFile PathHashIndexSize=101
[2022.07.21-23.04.39:505][  0]LogPakFile: PakFile FullDirectoryIndexSize=142
[2022.07.21-23.04.39:505][  0]LogShaderLibrary: Display: ShaderCodeLibraryPakFileMountedCallback: PakFile 'C:/Program Files/Epic Games/UE_4.27/FeaturePacks/TP_PuzzleBP.upack' (chunk index -1, root 'root:/') mounted
[2022.07.21-23.04.39:505][  0]LogShaderLibrary: Display: ShaderCodeLibraryPakFileMountedCallback: pending pak file info (ChunkID:-1 Root:root:/ File:C:/Program Files/Epic Games/UE_4.27/FeaturePacks/TP_PuzzleBP.upack)
[2022.07.21-23.04.39:505][  0]LogPakFile: OnPakFileMounted2Time == 0.000032
[2022.07.21-23.04.39:506][  0]LogPakFile: PakFile PrimaryIndexSize=183
[2022.07.21-23.04.39:506][  0]LogPakFile: PakFile PathHashIndexSize=101
[2022.07.21-23.04.39:506][  0]LogPakFile: PakFile FullDirectoryIndexSize=140
[2022.07.21-23.04.39:506][  0]LogShaderLibrary: Display: ShaderCodeLibraryPakFileMountedCallback: PakFile 'C:/Program Files/Epic Games/UE_4.27/FeaturePacks/TP_Rolling.upack' (chunk index -1, root 'root:/') mounted
[2022.07.21-23.04.39:506][  0]LogShaderLibrary: Display: ShaderCodeLibraryPakFileMountedCallback: pending pak file info (ChunkID:-1 Root:root:/ File:C:/Program Files/Epic Games/UE_4.27/FeaturePacks/TP_Rolling.upack)
[2022.07.21-23.04.39:506][  0]LogPakFile: OnPakFileMounted2Time == 0.000038
[2022.07.21-23.04.39:506][  0]LogPakFile: PakFile PrimaryIndexSize=185
[2022.07.21-23.04.39:506][  0]LogPakFile: PakFile PathHashIndexSize=101
[2022.07.21-23.04.39:506][  0]LogPakFile: PakFile FullDirectoryIndexSize=144
[2022.07.21-23.04.39:507][  0]LogShaderLibrary: Display: ShaderCodeLibraryPakFileMountedCallback: PakFile 'C:/Program Files/Epic Games/UE_4.27/FeaturePacks/TP_RollingBP.upack' (chunk index -1, root 'root:/') mounted
[2022.07.21-23.04.39:507][  0]LogShaderLibrary: Display: ShaderCodeLibraryPakFileMountedCallback: pending pak file info (ChunkID:-1 Root:root:/ File:C:/Program Files/Epic Games/UE_4.27/FeaturePacks/TP_RollingBP.upack)
[2022.07.21-23.04.39:507][  0]LogPakFile: OnPakFileMounted2Time == 0.000033
[2022.07.21-23.04.39:507][  0]LogPakFile: PakFile PrimaryIndexSize=188
[2022.07.21-23.04.39:507][  0]LogPakFile: PakFile PathHashIndexSize=101
[2022.07.21-23.04.39:507][  0]LogPakFile: PakFile FullDirectoryIndexSize=150
[2022.07.21-23.04.39:507][  0]LogShaderLibrary: Display: ShaderCodeLibraryPakFileMountedCallback: PakFile 'C:/Program Files/Epic Games/UE_4.27/FeaturePacks/TP_SideScroller.upack' (chunk index -1, root 'root:/') mounted
[2022.07.21-23.04.39:507][  0]LogShaderLibrary: Display: ShaderCodeLibraryPakFileMountedCallback: pending pak file info (ChunkID:-1 Root:root:/ File:C:/Program Files/Epic Games/UE_4.27/FeaturePacks/TP_SideScroller.upack)
[2022.07.21-23.04.39:507][  0]LogPakFile: OnPakFileMounted2Time == 0.000037
[2022.07.21-23.04.39:508][  0]LogPakFile: PakFile PrimaryIndexSize=190
[2022.07.21-23.04.39:508][  0]LogPakFile: PakFile PathHashIndexSize=101
[2022.07.21-23.04.39:508][  0]LogPakFile: PakFile FullDirectoryIndexSize=154
[2022.07.21-23.04.39:508][  0]LogShaderLibrary: Display: ShaderCodeLibraryPakFileMountedCallback: PakFile 'C:/Program Files/Epic Games/UE_4.27/FeaturePacks/TP_SideScrollerBP.upack' (chunk index -1, root 'root:/') mounted
[2022.07.21-23.04.39:508][  0]LogShaderLibrary: Display: ShaderCodeLibraryPakFileMountedCallback: pending pak file info (ChunkID:-1 Root:root:/ File:C:/Program Files/Epic Games/UE_4.27/FeaturePacks/TP_SideScrollerBP.upack)
[2022.07.21-23.04.39:508][  0]LogPakFile: OnPakFileMounted2Time == 0.000042
[2022.07.21-23.04.39:508][  0]LogPakFile: PakFile PrimaryIndexSize=187
[2022.07.21-23.04.39:508][  0]LogPakFile: PakFile PathHashIndexSize=101
[2022.07.21-23.04.39:508][  0]LogPakFile: PakFile FullDirectoryIndexSize=148
[2022.07.21-23.04.39:508][  0]LogShaderLibrary: Display: ShaderCodeLibraryPakFileMountedCallback: PakFile 'C:/Program Files/Epic Games/UE_4.27/FeaturePacks/TP_ThirdPerson.upack' (chunk index -1, root 'root:/') mounted
[2022.07.21-23.04.39:508][  0]LogShaderLibrary: Display: ShaderCodeLibraryPakFileMountedCallback: pending pak file info (ChunkID:-1 Root:root:/ File:C:/Program Files/Epic Games/UE_4.27/FeaturePacks/TP_ThirdPerson.upack)
[2022.07.21-23.04.39:508][  0]LogPakFile: OnPakFileMounted2Time == 0.000037
[2022.07.21-23.04.39:509][  0]LogPakFile: PakFile PrimaryIndexSize=189
[2022.07.21-23.04.39:509][  0]LogPakFile: PakFile PathHashIndexSize=101
[2022.07.21-23.04.39:509][  0]LogPakFile: PakFile FullDirectoryIndexSize=152
[2022.07.21-23.04.39:509][  0]LogShaderLibrary: Display: ShaderCodeLibraryPakFileMountedCallback: PakFile 'C:/Program Files/Epic Games/UE_4.27/FeaturePacks/TP_ThirdPersonBP.upack' (chunk index -1, root 'root:/') mounted
[2022.07.21-23.04.39:509][  0]LogShaderLibrary: Display: ShaderCodeLibraryPakFileMountedCallback: pending pak file info (ChunkID:-1 Root:root:/ File:C:/Program Files/Epic Games/UE_4.27/FeaturePacks/TP_ThirdPersonBP.upack)
[2022.07.21-23.04.39:509][  0]LogPakFile: OnPakFileMounted2Time == 0.000033
[2022.07.21-23.04.39:510][  0]LogPakFile: PakFile PrimaryIndexSize=183
[2022.07.21-23.04.39:510][  0]LogPakFile: PakFile PathHashIndexSize=101
[2022.07.21-23.04.39:510][  0]LogPakFile: PakFile FullDirectoryIndexSize=140
[2022.07.21-23.04.39:510][  0]LogShaderLibrary: Display: ShaderCodeLibraryPakFileMountedCallback: PakFile 'C:/Program Files/Epic Games/UE_4.27/FeaturePacks/TP_TopDown.upack' (chunk index -1, root 'root:/') mounted
[2022.07.21-23.04.39:510][  0]LogShaderLibrary: Display: ShaderCodeLibraryPakFileMountedCallback: pending pak file info (ChunkID:-1 Root:root:/ File:C:/Program Files/Epic Games/UE_4.27/FeaturePacks/TP_TopDown.upack)
[2022.07.21-23.04.39:510][  0]LogPakFile: OnPakFileMounted2Time == 0.000040
[2022.07.21-23.04.39:510][  0]LogPakFile: PakFile PrimaryIndexSize=185
[2022.07.21-23.04.39:510][  0]LogPakFile: PakFile PathHashIndexSize=101
[2022.07.21-23.04.39:510][  0]LogPakFile: PakFile FullDirectoryIndexSize=144
[2022.07.21-23.04.39:510][  0]LogShaderLibrary: Display: ShaderCodeLibraryPakFileMountedCallback: PakFile 'C:/Program Files/Epic Games/UE_4.27/FeaturePacks/TP_TopDownBP.upack' (chunk index -1, root 'root:/') mounted
[2022.07.21-23.04.39:510][  0]LogShaderLibrary: Display: ShaderCodeLibraryPakFileMountedCallback: pending pak file info (ChunkID:-1 Root:root:/ File:C:/Program Files/Epic Games/UE_4.27/FeaturePacks/TP_TopDownBP.upack)
[2022.07.21-23.04.39:510][  0]LogPakFile: OnPakFileMounted2Time == 0.000042
[2022.07.21-23.04.39:511][  0]LogPakFile: PakFile PrimaryIndexSize=185
[2022.07.21-23.04.39:511][  0]LogPakFile: PakFile PathHashIndexSize=101
[2022.07.21-23.04.39:511][  0]LogPakFile: PakFile FullDirectoryIndexSize=144
[2022.07.21-23.04.39:511][  0]LogShaderLibrary: Display: ShaderCodeLibraryPakFileMountedCallback: PakFile 'C:/Program Files/Epic Games/UE_4.27/FeaturePacks/TP_TwinStick.upack' (chunk index -1, root 'root:/') mounted
[2022.07.21-23.04.39:511][  0]LogShaderLibrary: Display: ShaderCodeLibraryPakFileMountedCallback: pending pak file info (ChunkID:-1 Root:root:/ File:C:/Program Files/Epic Games/UE_4.27/FeaturePacks/TP_TwinStick.upack)
[2022.07.21-23.04.39:511][  0]LogPakFile: OnPakFileMounted2Time == 0.000033
[2022.07.21-23.04.39:512][  0]LogPakFile: PakFile PrimaryIndexSize=187
[2022.07.21-23.04.39:512][  0]LogPakFile: PakFile PathHashIndexSize=101
[2022.07.21-23.04.39:512][  0]LogPakFile: PakFile FullDirectoryIndexSize=148
[2022.07.21-23.04.39:512][  0]LogShaderLibrary: Display: ShaderCodeLibraryPakFileMountedCallback: PakFile 'C:/Program Files/Epic Games/UE_4.27/FeaturePacks/TP_TwinStickBP.upack' (chunk index -1, root 'root:/') mounted
[2022.07.21-23.04.39:512][  0]LogShaderLibrary: Display: ShaderCodeLibraryPakFileMountedCallback: pending pak file info (ChunkID:-1 Root:root:/ File:C:/Program Files/Epic Games/UE_4.27/FeaturePacks/TP_TwinStickBP.upack)
[2022.07.21-23.04.39:512][  0]LogPakFile: OnPakFileMounted2Time == 0.000050
[2022.07.21-23.04.39:512][  0]LogPakFile: PakFile PrimaryIndexSize=183
[2022.07.21-23.04.39:512][  0]LogPakFile: PakFile PathHashIndexSize=101
[2022.07.21-23.04.39:512][  0]LogPakFile: PakFile FullDirectoryIndexSize=140
[2022.07.21-23.04.39:512][  0]LogShaderLibrary: Display: ShaderCodeLibraryPakFileMountedCallback: PakFile 'C:/Program Files/Epic Games/UE_4.27/FeaturePacks/TP_Vehicle.upack' (chunk index -1, root 'root:/') mounted
[2022.07.21-23.04.39:512][  0]LogShaderLibrary: Display: ShaderCodeLibraryPakFileMountedCallback: pending pak file info (ChunkID:-1 Root:root:/ File:C:/Program Files/Epic Games/UE_4.27/FeaturePacks/TP_Vehicle.upack)
[2022.07.21-23.04.39:512][  0]LogPakFile: OnPakFileMounted2Time == 0.000033
[2022.07.21-23.04.39:513][  0]LogPakFile: PakFile PrimaryIndexSize=186
[2022.07.21-23.04.39:513][  0]LogPakFile: PakFile PathHashIndexSize=101
[2022.07.21-23.04.39:513][  0]LogPakFile: PakFile FullDirectoryIndexSize=146
[2022.07.21-23.04.39:513][  0]LogShaderLibrary: Display: ShaderCodeLibraryPakFileMountedCallback: PakFile 'C:/Program Files/Epic Games/UE_4.27/FeaturePacks/TP_VehicleAdv.upack' (chunk index -1, root 'root:/') mounted
[2022.07.21-23.04.39:513][  0]LogShaderLibrary: Display: ShaderCodeLibraryPakFileMountedCallback: pending pak file info (ChunkID:-1 Root:root:/ File:C:/Program Files/Epic Games/UE_4.27/FeaturePacks/TP_VehicleAdv.upack)
[2022.07.21-23.04.39:513][  0]LogPakFile: OnPakFileMounted2Time == 0.000037
[2022.07.21-23.04.39:514][  0]LogPakFile: PakFile PrimaryIndexSize=188
[2022.07.21-23.04.39:514][  0]LogPakFile: PakFile PathHashIndexSize=101
[2022.07.21-23.04.39:514][  0]LogPakFile: PakFile FullDirectoryIndexSize=150
[2022.07.21-23.04.39:514][  0]LogShaderLibrary: Display: ShaderCodeLibraryPakFileMountedCallback: PakFile 'C:/Program Files/Epic Games/UE_4.27/FeaturePacks/TP_VehicleAdvBP.upack' (chunk index -1, root 'root:/') mounted
[2022.07.21-23.04.39:514][  0]LogShaderLibrary: Display: ShaderCodeLibraryPakFileMountedCallback: pending pak file info (ChunkID:-1 Root:root:/ File:C:/Program Files/Epic Games/UE_4.27/FeaturePacks/TP_VehicleAdvBP.upack)
[2022.07.21-23.04.39:514][  0]LogPakFile: OnPakFileMounted2Time == 0.000032
[2022.07.21-23.04.39:514][  0]LogPakFile: PakFile PrimaryIndexSize=185
[2022.07.21-23.04.39:514][  0]LogPakFile: PakFile PathHashIndexSize=101
[2022.07.21-23.04.39:514][  0]LogPakFile: PakFile FullDirectoryIndexSize=144
[2022.07.21-23.04.39:514][  0]LogShaderLibrary: Display: ShaderCodeLibraryPakFileMountedCallback: PakFile 'C:/Program Files/Epic Games/UE_4.27/FeaturePacks/TP_VehicleBP.upack' (chunk index -1, root 'root:/') mounted
[2022.07.21-23.04.39:514][  0]LogShaderLibrary: Display: ShaderCodeLibraryPakFileMountedCallback: pending pak file info (ChunkID:-1 Root:root:/ File:C:/Program Files/Epic Games/UE_4.27/FeaturePacks/TP_VehicleBP.upack)
[2022.07.21-23.04.39:514][  0]LogPakFile: OnPakFileMounted2Time == 0.000038
[2022.07.21-23.04.39:515][  0]LogPakFile: PakFile PrimaryIndexSize=192
[2022.07.21-23.04.39:515][  0]LogPakFile: PakFile PathHashIndexSize=101
[2022.07.21-23.04.39:515][  0]LogPakFile: PakFile FullDirectoryIndexSize=158
[2022.07.21-23.04.39:515][  0]LogShaderLibrary: Display: ShaderCodeLibraryPakFileMountedCallback: PakFile 'C:/Program Files/Epic Games/UE_4.27/FeaturePacks/TP_VirtualRealityBP.upack' (chunk index -1, root 'root:/') mounted
[2022.07.21-23.04.39:515][  0]LogShaderLibrary: Display: ShaderCodeLibraryPakFileMountedCallback: pending pak file info (ChunkID:-1 Root:root:/ File:C:/Program Files/Epic Games/UE_4.27/FeaturePacks/TP_VirtualRealityBP.upack)
[2022.07.21-23.04.39:515][  0]LogPakFile: OnPakFileMounted2Time == 0.000034
[2022.07.21-23.04.39:575][  0]LogNativeClassHierarchy: Verbose: Native class hierarchy updated for 'AddContentDialog' in 0.0003 seconds. Added 0 classes and 0 folders.
[2022.07.21-23.04.39:576][  0]LogNativeClassHierarchy: Verbose: Native class hierarchy updated for 'SceneOutliner' in 0.0002 seconds. Added 2 classes and 0 folders.
[2022.07.21-23.04.39:633][  0]LogSlate: Took 0.000214 seconds to synchronously load lazily loaded font '../../../Engine/Content/Slate/Fonts/Roboto-Regular.ttf' (155K)
[2022.07.21-23.04.39:635][  0]LogSlate: Took 0.000615 seconds to synchronously load lazily loaded font '../../../Engine/Content/Editor/Slate/Fonts/FontAwesome.ttf' (139K)
[2022.07.21-23.04.39:639][  0]LogSlate: Took 0.001538 seconds to synchronously load lazily loaded font '../../../Engine/Content/Slate/Fonts/Roboto-Bold.ttf' (160K)
[2022.07.21-23.04.39:756][  0]LogRenderer: Reallocating scene render targets to support 1208x568 Format 10 NumSamples 1 (Frame:1).
[2022.07.21-23.04.39:903][  0]LogNativeClassHierarchy: Verbose: Native class hierarchy updated for 'HierarchicalLODOutliner' in 0.0003 seconds. Added 0 classes and 0 folders.
[2022.07.21-23.04.39:903][  0]LogLoad: (Engine Initialization) Total time: 20.99 seconds
[2022.07.21-23.04.39:903][  0]LogLoad: (Engine Initialization) Total Blueprint compile time: 0.00 seconds
[2022.07.21-23.04.39:996][  0]LogAssetRegistry: Asset discovery search completed in 16.7809 seconds
[2022.07.21-23.04.40:002][  0]LogCollectionManager: Fixed up redirectors for 0 collections in 0.000003 seconds (updated 0 objects)
[2022.07.21-23.04.40:005][  0]LogContentStreaming: Texture pool size now 1000 MB
[2022.07.21-23.46.20:224][995]LogSlate: Window 'New Level' being destroyed
[2022.07.21-23.46.20:233][995]Cmd: MAP LOAD FILE="../../../Engine/Content/Maps/Templates/Template_Default.umap" TEMPLATE=1 SHOWPROGRESS=1 FEATURELEVEL=3
[2022.07.21-23.46.20:243][995]LogSlate: Took 0.000424 seconds to synchronously load lazily loaded font '../../../Engine/Content/Slate/Fonts/Roboto-Light.ttf' (167K)
[2022.07.21-23.46.20:265][995]LightingResults: New page: Lighting Build
[2022.07.21-23.46.20:266][995]LoadErrors: New page: Loading map: Template_Default.umap
[2022.07.21-23.46.20:268][995]LogWorld: UWorld::CleanupWorld for Untitled_1, bSessionEnded=true, bCleanupResources=true
[2022.07.21-23.46.20:268][995]LogSlate: InvalidateAllWidgets triggered.  All widgets were invalidated
[2022.07.21-23.46.20:268][995]MapCheck: New page: Map Check
[2022.07.21-23.46.20:268][995]LightingResults: New page: Lighting Build
[2022.07.21-23.46.20:276][995]LogAudio: Display: Audio Device unregistered from world 'None'.
[2022.07.21-23.46.20:279][995]LogUObjectHash: Compacting FUObjectHashTables data took   0.86ms
[2022.07.21-23.46.20:289][995]LogTexture: Display: Building textures: DeprecatedTextureEB9CBE3C423008B5E8E130901E171C89 (BGRA8, 128X128)
[2022.07.21-23.46.20:292][995]LogAudio: Display: Audio Device (ID: 1) registered with world 'Untitled_2'.
[2022.07.21-23.46.20:294][995]LogAIModule: Creating AISystem for world Untitled_2
[2022.07.21-23.46.20:299][995]LogEditorServer: Finished looking for orphan Actors (0.000 secs)
[2022.07.21-23.46.20:307][995]LogUObjectHash: Compacting FUObjectHashTables data took   0.75ms
[2022.07.21-23.46.20:327][995]Cmd: MAP CHECKDEP NOCLEARLOG
[2022.07.21-23.46.20:327][995]MapCheck: Map check complete: 0 Error(s), 0 Warning(s), took 0.168ms to complete.
[2022.07.21-23.46.20:327][995]LogFileHelpers: Loading map 'Template_Default' took 0.095
[2022.07.21-23.46.51:500][416]LogUObjectHash: Compacting FUObjectHashTables data took   1.01ms
[2022.07.21-23.47.18:650][820]LogSlate: Window 'New Level' being destroyed
[2022.07.21-23.47.18:662][820]Cmd: MAP LOAD FILE="../../../Engine/Content/Maps/Templates/Template_Default.umap" TEMPLATE=1 SHOWPROGRESS=1 FEATURELEVEL=3
[2022.07.21-23.47.18:688][820]LightingResults: New page: Lighting Build
[2022.07.21-23.47.18:689][820]LoadErrors: New page: Loading map: Template_Default.umap
[2022.07.21-23.47.18:730][820]LogWorld: UWorld::CleanupWorld for Untitled_2, bSessionEnded=true, bCleanupResources=true
[2022.07.21-23.47.18:730][820]LogSlate: InvalidateAllWidgets triggered.  All widgets were invalidated
[2022.07.21-23.47.18:731][820]MapCheck: New page: Map Check
[2022.07.21-23.47.18:731][820]LightingResults: New page: Lighting Build
[2022.07.21-23.47.18:736][820]LogAudio: Display: Audio Device unregistered from world 'None'.
[2022.07.21-23.47.18:738][820]LogUObjectHash: Compacting FUObjectHashTables data took   0.65ms
[2022.07.21-23.47.18:747][820]LogTexture: Display: Building textures: DeprecatedTextureEB9CBE3C423008B5E8E130901E171C89 (BGRA8, 128X128)
[2022.07.21-23.47.18:752][820]LogAudio: Display: Audio Device (ID: 1) registered with world 'Untitled_3'.
[2022.07.21-23.47.18:754][820]LogAIModule: Creating AISystem for world Untitled_3
[2022.07.21-23.47.18:758][820]LogEditorServer: Finished looking for orphan Actors (0.000 secs)
[2022.07.21-23.47.18:766][820]LogUObjectHash: Compacting FUObjectHashTables data took   0.68ms
[2022.07.21-23.47.18:776][820]Cmd: MAP CHECKDEP NOCLEARLOG
[2022.07.21-23.47.18:777][820]MapCheck: Map check complete: 0 Error(s), 0 Warning(s), took 0.557ms to complete.
[2022.07.21-23.47.18:778][820]LogFileHelpers: Loading map 'Template_Default' took 0.116
[2022.07.21-23.47.24:390][152]LogSlate: Took 0.000187 seconds to synchronously load lazily loaded font '../../../Engine/Content/Slate/Fonts/Roboto-Light.ttf' (167K)
[2022.07.21-23.47.55:453][106]LogSlate: Window 'Save Level As' being destroyed
[2022.07.21-23.47.55:490][106]Cmd: OBJ SAVEPACKAGE PACKAGE="/Game/BountyDashMap" FILE="D:/Unreal/Bounty Dash/BountyDash/Content/BountyDashMap.umap" SILENT=true AUTOSAVING=false KEEPDIRTY=false
[2022.07.21-23.47.55:497][106]LogUObjectHash: Compacting FUObjectHashTables data took   0.72ms
[2022.07.21-23.50.17:598][106]LogSavePackage: Moving 'D:/Unreal/Bounty Dash/BountyDash/Saved/BountyDashMap4600B01A482E32E1895C70B37FDB51C3.tmp' to 'D:/Unreal/Bounty Dash/BountyDash/Content/BountyDashMap.umap'
[2022.07.21-23.50.45:955][106]Cmd: OBJ SAVEPACKAGE PACKAGE="/Game/BountyDashMap_BuiltData" FILE="D:/Unreal/Bounty Dash/BountyDash/Content/BountyDashMap_BuiltData.uasset" SILENT=true
[2022.07.21-23.50.46:087][106]LogSavePackage: Moving 'D:/Unreal/Bounty Dash/BountyDash/Saved/BountyDashMap_BuiltDataE9C358B44A6EF330B0D2619A30C1B597.tmp' to 'D:/Unreal/Bounty Dash/BountyDash/Content/BountyDashMap_BuiltData.uasset'
[2022.07.21-23.50.46:181][106]LogFileHelpers: Saving map 'BountyDashMap' took 170.719
[2022.07.21-23.50.46:181][106]Cmd: MAP LOAD FILE="D:/Unreal/Bounty Dash/BountyDash/Content/BountyDashMap.umap" TEMPLATE=0 SHOWPROGRESS=1 FEATURELEVEL=3
[2022.07.21-23.50.46:198][106]LightingResults: New page: Lighting Build
[2022.07.21-23.50.46:198][106]LoadErrors: New page: Loading map: BountyDashMap.umap
[2022.07.21-23.50.46:201][106]LogWorld: UWorld::CleanupWorld for BountyDashMap, bSessionEnded=true, bCleanupResources=true
[2022.07.21-23.50.46:201][106]LogSlate: InvalidateAllWidgets triggered.  All widgets were invalidated
[2022.07.21-23.50.46:201][106]MapCheck: New page: Map Check
[2022.07.21-23.50.46:201][106]LightingResults: New page: Lighting Build
[2022.07.21-23.50.46:206][106]LogAudio: Display: Audio Device unregistered from world 'None'.
[2022.07.21-23.50.46:208][106]LogUObjectHash: Compacting FUObjectHashTables data took   0.78ms
[2022.07.21-23.50.46:221][106]LogAudio: Display: Audio Device (ID: 1) registered with world 'BountyDashMap'.
[2022.07.21-23.50.46:222][106]LogAIModule: Creating AISystem for world BountyDashMap
[2022.07.21-23.50.46:226][106]LogEditorServer: Finished looking for orphan Actors (0.000 secs)
[2022.07.21-23.50.46:232][106]LogUObjectHash: Compacting FUObjectHashTables data took   0.90ms
[2022.07.21-23.50.46:335][106]Cmd: MAP CHECKDEP NOCLEARLOG
[2022.07.21-23.50.46:336][106]MapCheck: Map check complete: 0 Error(s), 0 Warning(s), took 0.329ms to complete.
[2022.07.21-23.50.46:336][106]LogFileHelpers: Loading map 'BountyDashMap' took 0.155
[2022.07.21-23.50.46:341][106]AssetCheck: New page: Asset Save: multiple assets
[2022.07.21-23.50.46:341][106]LogContentValidation: Display: Validating World /Game/BountyDashMap.BountyDashMap
[2022.07.21-23.50.46:341][106]LogContentValidation: Display: Validating MapBuildDataRegistry /Game/BountyDashMap_BuiltData.BountyDashMap_BuiltData
[2022.07.21-23.56.17:768][390]LogEditorClassViewer: Warning: Class /Engine/Tutorial/InWorldBlueprintEditing/TutorialAssets/IWBE_Blutility.IWBE_Blutility_C has parent /Script/Blutility.PlacedEditorUtilityBase, but this parent is not found. The Class will not be shown in ClassViewer.
[2022.07.21-23.56.17:811][390]LogSlate: Took 0.000193 seconds to synchronously load lazily loaded font '../../../Engine/Content/Slate/Fonts/Roboto-BoldCondensed.ttf' (158K)
[2022.07.21-23.58.21:361][ 61]Running C:/Program Files/Epic Games/UE_4.27/Engine/Binaries/DotNET/UnrealBuildTool.exe  -projectfiles -project="D:/Unreal/Bounty Dash/BountyDash/BountyDash.uproject" -game -rocket -progress
[2022.07.21-23.58.51:427][ 61]Discovering modules, targets and source code for project...
[2022.07.21-23.59.09:429][ 61]Binding IntelliSense data...
[2022.07.22-00.00.19:310][ 61]Binding IntelliSense data... 100%
[2022.07.22-00.00.19:310][ 61]Writing project files...
